{"C:\\_2020\\2. FEB20\\SleepyLib\\client\\test\\helpers.js":{"path":"C:\\_2020\\2. FEB20\\SleepyLib\\client\\test\\helpers.js","statementMap":{"0":{"start":{"line":3,"column":13},"end":{"line":3,"column":53}},"1":{"start":{"line":5,"column":12},"end":{"line":5,"column":27}},"2":{"start":{"line":7,"column":14},"end":{"line":7,"column":31}},"3":{"start":{"line":9,"column":26},"end":{"line":9,"column":84}},"4":{"start":{"line":11,"column":18},"end":{"line":11,"column":57}},"5":{"start":{"line":13,"column":17},"end":{"line":13,"column":72}},"6":{"start":{"line":15,"column":39},"end":{"line":15,"column":93}},"7":{"start":{"line":17,"column":0},"end":{"line":19,"column":3}},"8":{"start":{"line":20,"column":0},"end":{"line":20,"column":29}},"9":{"start":{"line":21,"column":0},"end":{"line":21,"column":30}},"10":{"start":{"line":22,"column":0},"end":{"line":22,"column":29}},"11":{"start":{"line":23,"column":0},"end":{"line":23,"column":31}},"12":{"start":{"line":24,"column":0},"end":{"line":24,"column":33}},"13":{"start":{"line":25,"column":0},"end":{"line":25,"column":43}},"14":{"start":{"line":26,"column":0},"end":{"line":26,"column":29}}},"fnMap":{"0":{"name":"_interopRequireDefault","decl":{"start":{"line":15,"column":9},"end":{"line":15,"column":31}},"loc":{"start":{"line":15,"column":37},"end":{"line":15,"column":95}},"line":15}},"branchMap":{"0":{"loc":{"start":{"line":15,"column":46},"end":{"line":15,"column":92}},"type":"cond-expr","locations":[{"start":{"line":15,"column":70},"end":{"line":15,"column":73}},{"start":{"line":15,"column":76},"end":{"line":15,"column":92}}],"line":15},"1":{"loc":{"start":{"line":15,"column":46},"end":{"line":15,"column":67}},"type":"binary-expr","locations":[{"start":{"line":15,"column":46},"end":{"line":15,"column":49}},{"start":{"line":15,"column":53},"end":{"line":15,"column":67}}],"line":15}},"s":{"0":1,"1":1,"2":1,"3":1,"4":1,"5":1,"6":3,"7":1,"8":1,"9":1,"10":1,"11":1,"12":1,"13":1,"14":1},"f":{"0":3},"b":{"0":[0,3],"1":[3,3]},"inputSourceMap":{"version":3,"sources":["helpers.js"],"names":["adapter","Adapter","global","expect","sinon","mount","render","shallow","renderHook","act"],"mappings":";;AAAA;;AACA;;AACA;;AACA;;AACA;;AACA;;;;AACA,uBAAU;AAAEA,EAAAA,OAAO,EAAE,IAAIC,2BAAJ;AAAX,CAAV;AACAC,MAAM,CAACC,MAAP,GAAgBA,YAAhB;AAEAD,MAAM,CAACE,KAAP,GAAeA,cAAf;AAEAF,MAAM,CAACG,KAAP,GAAeA,aAAf;AACAH,MAAM,CAACI,MAAP,GAAgBA,cAAhB;AACAJ,MAAM,CAACK,OAAP,GAAiBA,eAAjB;AAEAL,MAAM,CAACM,UAAP,GAAoBA,sBAApB;AACAN,MAAM,CAACO,GAAP,GAAaA,eAAb","sourceRoot":"C:\\_2020\\2. FEB20\\SleepyLib\\client\\test","sourcesContent":["import sinon from 'sinon';\r\nimport { expect } from 'chai';\r\nimport { mount, render, shallow, configure } from 'enzyme';\r\nimport Adapter from 'enzyme-adapter-react-16';\r\nimport { renderHook, act } from '@testing-library/react-hooks';\r\nimport ReactTestUtils from 'react-dom/test-utils';\r\nconfigure({ adapter: new Adapter() });\r\nglobal.expect = expect;\r\n\r\nglobal.sinon = sinon;\r\n\r\nglobal.mount = mount;\r\nglobal.render = render;\r\nglobal.shallow = shallow;\r\n\r\nglobal.renderHook = renderHook;\r\nglobal.act = act;\r\n"]},"_coverageSchema":"1a1c01bbd47fc00a2c39e90264f33305004495a9","hash":"bcea77dce5198d902b17306fca0c75976c353c2a","contentHash":"04e1cdc0b0e978cb17f423af708ca8877eb929142fde8e537428608388406c1a"},"C:\\_2020\\2. FEB20\\SleepyLib\\client\\test\\dom.js":{"path":"C:\\_2020\\2. FEB20\\SleepyLib\\client\\test\\dom.js","statementMap":{"0":{"start":{"line":3,"column":13},"end":{"line":3,"column":29}},"1":{"start":{"line":7,"column":4},"end":{"line":7,"column":65}},"2":{"start":{"line":10,"column":16},"end":{"line":12,"column":9}},"3":{"start":{"line":10,"column":63},"end":{"line":10,"column":98}},"4":{"start":{"line":10,"column":126},"end":{"line":12,"column":3}},"5":{"start":{"line":13,"column":2},"end":{"line":13,"column":41}},"6":{"start":{"line":16,"column":0},"end":{"line":16,"column":23}},"7":{"start":{"line":17,"column":0},"end":{"line":17,"column":34}},"8":{"start":{"line":18,"column":0},"end":{"line":20,"column":2}},"9":{"start":{"line":21,"column":0},"end":{"line":21,"column":26}}},"fnMap":{"0":{"name":"copyProps","decl":{"start":{"line":9,"column":9},"end":{"line":9,"column":18}},"loc":{"start":{"line":9,"column":32},"end":{"line":14,"column":1}},"line":9},"1":{"name":"(anonymous_1)","decl":{"start":{"line":10,"column":55},"end":{"line":10,"column":56}},"loc":{"start":{"line":10,"column":63},"end":{"line":10,"column":98}},"line":10},"2":{"name":"(anonymous_2)","decl":{"start":{"line":10,"column":107},"end":{"line":10,"column":108}},"loc":{"start":{"line":10,"column":126},"end":{"line":12,"column":3}},"line":10}},"branchMap":{},"s":{"0":1,"1":1,"2":1,"3":409,"4":342,"5":1,"6":1,"7":1,"8":1,"9":1},"f":{"0":1,"1":409,"2":342},"b":{},"inputSourceMap":{"version":3,"sources":["dom.js"],"names":["window","JSDOM","copyProps","src","target","props","Object","getOwnPropertyNames","filter","prop","reduce","result","getOwnPropertyDescriptor","defineProperties","global","document","navigator","userAgent"],"mappings":";;AAAA;;AACA,MAAM;AAAEA,EAAAA;AAAF,IAAa,IAAIC,YAAJ,CAAU,2CAAV,CAAnB;;AACA,SAASC,SAAT,CAAmBC,GAAnB,EAAwBC,MAAxB,EAAgC;AAC9B,QAAMC,KAAK,GAAGC,MAAM,CAACC,mBAAP,CAA2BJ,GAA3B,EACXK,MADW,CACJC,IAAI,IAAI,OAAOL,MAAM,CAACK,IAAD,CAAb,KAAwB,WAD5B,EAEXC,MAFW,CAGV,CAACC,MAAD,EAASF,IAAT,MAAmB,EACjB,GAAGE,MADc;AAEjB,KAACF,IAAD,GAAQH,MAAM,CAACM,wBAAP,CAAgCT,GAAhC,EAAqCM,IAArC;AAFS,GAAnB,CAHU,EAOV,EAPU,CAAd;AASAH,EAAAA,MAAM,CAACO,gBAAP,CAAwBT,MAAxB,EAAgCC,KAAhC;AACD;;AACDS,MAAM,CAACd,MAAP,GAAgBA,MAAhB;AACAc,MAAM,CAACC,QAAP,GAAkBf,MAAM,CAACe,QAAzB;AACAD,MAAM,CAACE,SAAP,GAAmB;AACjBC,EAAAA,SAAS,EAAE;AADM,CAAnB;AAGAf,SAAS,CAACF,MAAD,EAASc,MAAT,CAAT","sourceRoot":"C:\\_2020\\2. FEB20\\SleepyLib\\client\\test","sourcesContent":["import { JSDOM } from 'jsdom';\r\nconst { window } = new JSDOM('<!doctype html><html><body></body></html>');\r\nfunction copyProps(src, target) {\r\n  const props = Object.getOwnPropertyNames(src)\r\n    .filter(prop => typeof target[prop] === 'undefined')\r\n    .reduce(\r\n      (result, prop) => ({\r\n        ...result,\r\n        [prop]: Object.getOwnPropertyDescriptor(src, prop),\r\n      }),\r\n      {},\r\n    );\r\n  Object.defineProperties(target, props);\r\n}\r\nglobal.window = window;\r\nglobal.document = window.document;\r\nglobal.navigator = {\r\n  userAgent: 'node.js',\r\n};\r\ncopyProps(window, global);\r\n"]},"_coverageSchema":"1a1c01bbd47fc00a2c39e90264f33305004495a9","hash":"9f48b832b83a6f278554630867cfb1156caf1272","contentHash":"8502ca0dfc787e1fbafb1d115f7c7a3e66f9dc3d2c4ccdb528d937bccb443a10"},"C:\\_2020\\2. FEB20\\SleepyLib\\client\\src\\App.js":{"path":"C:\\_2020\\2. FEB20\\SleepyLib\\client\\src\\App.js","statementMap":{"0":{"start":{"line":3,"column":0},"end":{"line":5,"column":3}},"1":{"start":{"line":6,"column":0},"end":{"line":6,"column":39}},"2":{"start":{"line":8,"column":13},"end":{"line":8,"column":54}},"3":{"start":{"line":10,"column":22},"end":{"line":10,"column":49}},"4":{"start":{"line":12,"column":21},"end":{"line":12,"column":48}},"5":{"start":{"line":14,"column":13},"end":{"line":14,"column":68}},"6":{"start":{"line":16,"column":15},"end":{"line":16,"column":78}},"7":{"start":{"line":18,"column":12},"end":{"line":18,"column":69}},"8":{"start":{"line":20,"column":0},"end":{"line":20,"column":21}},"9":{"start":{"line":22,"column":0},"end":{"line":22,"column":20}},"10":{"start":{"line":24,"column":39},"end":{"line":24,"column":93}},"11":{"start":{"line":26,"column":38},"end":{"line":26,"column":85}},"12":{"start":{"line":26,"column":73},"end":{"line":26,"column":85}},"13":{"start":{"line":26,"column":98},"end":{"line":26,"column":111}},"14":{"start":{"line":26,"column":113},"end":{"line":26,"column":170}},"15":{"start":{"line":26,"column":154},"end":{"line":26,"column":167}},"16":{"start":{"line":26,"column":171},"end":{"line":26,"column":184}},"17":{"start":{"line":28,"column":40},"end":{"line":28,"column":82}},"18":{"start":{"line":28,"column":69},"end":{"line":28,"column":80}},"19":{"start":{"line":28,"column":83},"end":{"line":28,"column":185}},"20":{"start":{"line":28,"column":159},"end":{"line":28,"column":183}},"21":{"start":{"line":28,"column":198},"end":{"line":28,"column":224}},"22":{"start":{"line":28,"column":226},"end":{"line":28,"column":281}},"23":{"start":{"line":28,"column":257},"end":{"line":28,"column":279}},"24":{"start":{"line":28,"column":295},"end":{"line":28,"column":297}},"25":{"start":{"line":28,"column":327},"end":{"line":28,"column":383}},"26":{"start":{"line":28,"column":385},"end":{"line":28,"column":665}},"27":{"start":{"line":28,"column":408},"end":{"line":28,"column":663}},"28":{"start":{"line":28,"column":473},"end":{"line":28,"column":545}},"29":{"start":{"line":28,"column":547},"end":{"line":28,"column":661}},"30":{"start":{"line":28,"column":585},"end":{"line":28,"column":626}},"31":{"start":{"line":28,"column":636},"end":{"line":28,"column":659}},"32":{"start":{"line":28,"column":666},"end":{"line":28,"column":687}},"33":{"start":{"line":28,"column":688},"end":{"line":28,"column":726}},"34":{"start":{"line":28,"column":701},"end":{"line":28,"column":724}},"35":{"start":{"line":28,"column":727},"end":{"line":28,"column":741}},"36":{"start":{"line":30,"column":22},"end":{"line":30,"column":275}},"37":{"start":{"line":30,"column":70},"end":{"line":30,"column":257}},"38":{"start":{"line":30,"column":83},"end":{"line":30,"column":84}},"39":{"start":{"line":30,"column":128},"end":{"line":30,"column":140}},"40":{"start":{"line":30,"column":142},"end":{"line":30,"column":255}},"41":{"start":{"line":30,"column":168},"end":{"line":30,"column":253}},"42":{"start":{"line":30,"column":225},"end":{"line":30,"column":251}},"43":{"start":{"line":30,"column":258},"end":{"line":30,"column":272}},"44":{"start":{"line":30,"column":276},"end":{"line":30,"column":315}},"45":{"start":{"line":32,"column":12},"end":{"line":81,"column":1}},"46":{"start":{"line":38,"column":6},"end":{"line":38,"column":35}},"47":{"start":{"line":39,"column":2},"end":{"line":80,"column":7}},"48":{"start":{"line":50,"column":18},"end":{"line":50,"column":45}},"49":{"start":{"line":53,"column":18},"end":{"line":53,"column":47}},"50":{"start":{"line":59,"column":21},"end":{"line":59,"column":71}},"51":{"start":{"line":63,"column":21},"end":{"line":65,"column":7}},"52":{"start":{"line":69,"column":21},"end":{"line":71,"column":7}},"53":{"start":{"line":75,"column":18},"end":{"line":75,"column":27}},"54":{"start":{"line":84,"column":0},"end":{"line":84,"column":18}},"55":{"start":{"line":85,"column":15},"end":{"line":85,"column":18}},"56":{"start":{"line":86,"column":0},"end":{"line":86,"column":27}}},"fnMap":{"0":{"name":"_interopRequireDefault","decl":{"start":{"line":24,"column":9},"end":{"line":24,"column":31}},"loc":{"start":{"line":24,"column":37},"end":{"line":24,"column":95}},"line":24},"1":{"name":"_getRequireWildcardCache","decl":{"start":{"line":26,"column":9},"end":{"line":26,"column":33}},"loc":{"start":{"line":26,"column":36},"end":{"line":26,"column":186}},"line":26},"2":{"name":"(anonymous_2)","decl":{"start":{"line":26,"column":140},"end":{"line":26,"column":141}},"loc":{"start":{"line":26,"column":152},"end":{"line":26,"column":169}},"line":26},"3":{"name":"_interopRequireWildcard","decl":{"start":{"line":28,"column":9},"end":{"line":28,"column":32}},"loc":{"start":{"line":28,"column":38},"end":{"line":28,"column":743}},"line":28},"4":{"name":"_extends","decl":{"start":{"line":30,"column":9},"end":{"line":30,"column":17}},"loc":{"start":{"line":30,"column":20},"end":{"line":30,"column":317}},"line":30},"5":{"name":"(anonymous_5)","decl":{"start":{"line":30,"column":50},"end":{"line":30,"column":51}},"loc":{"start":{"line":30,"column":68},"end":{"line":30,"column":274}},"line":30},"6":{"name":"(anonymous_6)","decl":{"start":{"line":32,"column":12},"end":{"line":32,"column":13}},"loc":{"start":{"line":32,"column":18},"end":{"line":81,"column":1}},"line":32},"7":{"name":"(anonymous_7)","decl":{"start":{"line":50,"column":13},"end":{"line":50,"column":14}},"loc":{"start":{"line":50,"column":18},"end":{"line":50,"column":45}},"line":50},"8":{"name":"(anonymous_8)","decl":{"start":{"line":53,"column":13},"end":{"line":53,"column":14}},"loc":{"start":{"line":53,"column":18},"end":{"line":53,"column":47}},"line":53},"9":{"name":"(anonymous_9)","decl":{"start":{"line":59,"column":12},"end":{"line":59,"column":13}},"loc":{"start":{"line":59,"column":21},"end":{"line":59,"column":71}},"line":59},"10":{"name":"(anonymous_10)","decl":{"start":{"line":63,"column":12},"end":{"line":63,"column":13}},"loc":{"start":{"line":63,"column":21},"end":{"line":65,"column":7}},"line":63},"11":{"name":"(anonymous_11)","decl":{"start":{"line":69,"column":12},"end":{"line":69,"column":13}},"loc":{"start":{"line":69,"column":21},"end":{"line":71,"column":7}},"line":69},"12":{"name":"(anonymous_12)","decl":{"start":{"line":75,"column":12},"end":{"line":75,"column":13}},"loc":{"start":{"line":75,"column":18},"end":{"line":75,"column":27}},"line":75}},"branchMap":{"0":{"loc":{"start":{"line":24,"column":46},"end":{"line":24,"column":92}},"type":"cond-expr","locations":[{"start":{"line":24,"column":70},"end":{"line":24,"column":73}},{"start":{"line":24,"column":76},"end":{"line":24,"column":92}}],"line":24},"1":{"loc":{"start":{"line":24,"column":46},"end":{"line":24,"column":67}},"type":"binary-expr","locations":[{"start":{"line":24,"column":46},"end":{"line":24,"column":49}},{"start":{"line":24,"column":53},"end":{"line":24,"column":67}}],"line":24},"2":{"loc":{"start":{"line":26,"column":38},"end":{"line":26,"column":85}},"type":"if","locations":[{"start":{"line":26,"column":38},"end":{"line":26,"column":85}},{"start":{"line":26,"column":38},"end":{"line":26,"column":85}}],"line":26},"3":{"loc":{"start":{"line":28,"column":40},"end":{"line":28,"column":82}},"type":"if","locations":[{"start":{"line":28,"column":40},"end":{"line":28,"column":82}},{"start":{"line":28,"column":40},"end":{"line":28,"column":82}}],"line":28},"4":{"loc":{"start":{"line":28,"column":44},"end":{"line":28,"column":65}},"type":"binary-expr","locations":[{"start":{"line":28,"column":44},"end":{"line":28,"column":47}},{"start":{"line":28,"column":51},"end":{"line":28,"column":65}}],"line":28},"5":{"loc":{"start":{"line":28,"column":83},"end":{"line":28,"column":185}},"type":"if","locations":[{"start":{"line":28,"column":83},"end":{"line":28,"column":185}},{"start":{"line":28,"column":83},"end":{"line":28,"column":185}}],"line":28},"6":{"loc":{"start":{"line":28,"column":87},"end":{"line":28,"column":155}},"type":"binary-expr","locations":[{"start":{"line":28,"column":87},"end":{"line":28,"column":99}},{"start":{"line":28,"column":103},"end":{"line":28,"column":126}},{"start":{"line":28,"column":130},"end":{"line":28,"column":155}}],"line":28},"7":{"loc":{"start":{"line":28,"column":226},"end":{"line":28,"column":281}},"type":"if","locations":[{"start":{"line":28,"column":226},"end":{"line":28,"column":281}},{"start":{"line":28,"column":226},"end":{"line":28,"column":281}}],"line":28},"8":{"loc":{"start":{"line":28,"column":230},"end":{"line":28,"column":253}},"type":"binary-expr","locations":[{"start":{"line":28,"column":230},"end":{"line":28,"column":235}},{"start":{"line":28,"column":239},"end":{"line":28,"column":253}}],"line":28},"9":{"loc":{"start":{"line":28,"column":327},"end":{"line":28,"column":383}},"type":"binary-expr","locations":[{"start":{"line":28,"column":327},"end":{"line":28,"column":348}},{"start":{"line":28,"column":352},"end":{"line":28,"column":383}}],"line":28},"10":{"loc":{"start":{"line":28,"column":408},"end":{"line":28,"column":663}},"type":"if","locations":[{"start":{"line":28,"column":408},"end":{"line":28,"column":663}},{"start":{"line":28,"column":408},"end":{"line":28,"column":663}}],"line":28},"11":{"loc":{"start":{"line":28,"column":473},"end":{"line":28,"column":545}},"type":"cond-expr","locations":[{"start":{"line":28,"column":497},"end":{"line":28,"column":538}},{"start":{"line":28,"column":541},"end":{"line":28,"column":545}}],"line":28},"12":{"loc":{"start":{"line":28,"column":547},"end":{"line":28,"column":661}},"type":"if","locations":[{"start":{"line":28,"column":547},"end":{"line":28,"column":661}},{"start":{"line":28,"column":547},"end":{"line":28,"column":661}}],"line":28},"13":{"loc":{"start":{"line":28,"column":551},"end":{"line":28,"column":581}},"type":"binary-expr","locations":[{"start":{"line":28,"column":551},"end":{"line":28,"column":555}},{"start":{"line":28,"column":560},"end":{"line":28,"column":568}},{"start":{"line":28,"column":572},"end":{"line":28,"column":580}}],"line":28},"14":{"loc":{"start":{"line":28,"column":688},"end":{"line":28,"column":726}},"type":"if","locations":[{"start":{"line":28,"column":688},"end":{"line":28,"column":726}},{"start":{"line":28,"column":688},"end":{"line":28,"column":726}}],"line":28},"15":{"loc":{"start":{"line":30,"column":33},"end":{"line":30,"column":274}},"type":"binary-expr","locations":[{"start":{"line":30,"column":33},"end":{"line":30,"column":46}},{"start":{"line":30,"column":50},"end":{"line":30,"column":274}}],"line":30},"16":{"loc":{"start":{"line":30,"column":168},"end":{"line":30,"column":253}},"type":"if","locations":[{"start":{"line":30,"column":168},"end":{"line":30,"column":253}},{"start":{"line":30,"column":168},"end":{"line":30,"column":253}}],"line":30},"17":{"loc":{"start":{"line":76,"column":9},"end":{"line":80,"column":4}},"type":"binary-expr","locations":[{"start":{"line":76,"column":9},"end":{"line":76,"column":18}},{"start":{"line":76,"column":22},"end":{"line":80,"column":4}}],"line":76}},"s":{"0":1,"1":1,"2":1,"3":1,"4":1,"5":1,"6":1,"7":1,"8":1,"9":1,"10":2,"11":1,"12":0,"13":1,"14":1,"15":0,"16":1,"17":2,"18":1,"19":1,"20":0,"21":1,"22":1,"23":0,"24":1,"25":1,"26":1,"27":28,"28":28,"29":28,"30":0,"31":28,"32":1,"33":1,"34":1,"35":1,"36":0,"37":0,"38":0,"39":0,"40":0,"41":0,"42":0,"43":0,"44":0,"45":1,"46":0,"47":0,"48":0,"49":0,"50":0,"51":0,"52":0,"53":0,"54":1,"55":1,"56":1},"f":{"0":2,"1":1,"2":0,"3":2,"4":0,"5":0,"6":0,"7":0,"8":0,"9":0,"10":0,"11":0,"12":0},"b":{"0":[2,0],"1":[2,2],"2":[0,1],"3":[1,1],"4":[2,2],"5":[0,1],"6":[1,1,0],"7":[0,1],"8":[1,1],"9":[1,1],"10":[28,0],"11":[28,0],"12":[0,28],"13":[28,28,28],"14":[1,0],"15":[0,0],"16":[0,0],"17":[0,0]},"inputSourceMap":{"version":3,"sources":["App.js"],"names":["App","HandleModalOverlayClick","ShowModal","showModal","type","e","props"],"mappings":";;;;;;;AAGA;;AAMA;;AAMA;;AAKA;;AACA;;AACA;;AACA;;AACA;;;;;;;;;;AAEO,MAAMA,GAAG,GAAG,MAAM;AACvB,QAAM;AACJC,IAAAA,uBADI;AAEJC,IAAAA,SAFI;AAGJC,IAAAA,SAHI;AAIJC,IAAAA;AAJI,MAKF,6BALJ;AAOA,SACE,6BAAC,6BAAD,QACE,4DACE,6BAAC,6BAAD,QACE,6BAAC,oBAAD;AAAM,IAAA,EAAE,EAAC,UAAT;AAAoB,IAAA,EAAE,EAAE;AAAxB,YADF,OAKE,6BAAC,oBAAD;AAAM,IAAA,EAAE,EAAC,WAAT;AAAqB,IAAA,EAAE,EAAE;AAAzB,aALF,OASE,6BAAC,oBAAD;AAAM,IAAA,EAAE,EAAC,aAAT;AAAuB,IAAA,EAAE,EAAE;AAA3B,eATF,EAYE,0CACE;AACE,IAAA,EAAE,EAAE,YADN;AAEE,IAAA,OAAO,EAAEC,CAAC,IAAIH,SAAS,CAACG,CAAD,EAAI,aAAJ;AAFzB,mBADF,EAOE;AACE,IAAA,EAAE,EAAE,cADN;AAEE,IAAA,OAAO,EAAEA,CAAC,IAAIH,SAAS,CAACG,CAAD,EAAI,eAAJ;AAFzB,qBAPF,CAZF,EA0BE;AAAK,IAAA,SAAS,EAAC;AAAf,KACE,6BAAC,sBAAD,QACE,6BAAC,qBAAD;AACE,IAAA,IAAI,EAAC,GADP;AAEE,IAAA,KAAK,MAFP;AAGE,IAAA,MAAM,EAAEC,KAAK,IAAI,6BAAC,aAAD,EAAUA,KAAV;AAHnB,IADF,EAME,6BAAC,qBAAD;AACE,IAAA,IAAI,EAAC,QADP;AAEE,IAAA,KAAK,MAFP;AAGE,IAAA,MAAM,EAAEA,KAAK,IACX,6BAAC,gBAAD,eAAaA,KAAb;AAAoB,MAAA,WAAW,EAAE;AAAjC;AAJJ,IANF,EAaE,6BAAC,qBAAD;AACE,IAAA,IAAI,EAAC,UADP;AAEE,IAAA,KAAK,MAFP;AAGE,IAAA,MAAM,EAAEA,KAAK,IACX,6BAAC,gBAAD,eAAaA,KAAb;AAAoB,MAAA,WAAW,EAAE;AAAjC;AAJJ,IAbF,EAoBE,6BAAC,qBAAD;AAAO,IAAA,IAAI,EAAC,UAAZ;AAAuB,IAAA,KAAK,MAA5B;AAA6B,IAAA,MAAM,EAAE,MAAM;AAA3C,IApBF,CADF,CA1BF,CADF,EAoDGH,SAAS,IACR,6BAAC,cAAD;AACE,IAAA,IAAI,EAAEA,SADR;AAEE,IAAA,IAAI,EAAEC,IAFR;AAGE,IAAA,uBAAuB,EAAEH;AAH3B,IArDJ,CADF,CADF;AAgED,CAxEM,C,CA0EP;;;;eACeD,G","sourceRoot":"C:\\_2020\\2. FEB20\\SleepyLib\\client\\src","sourcesContent":["// import { hot } from 'react-hot-loader/root';\n// import { setConfig } from 'react-hot-loader';\n\nimport React, {\n  useState,\n  useContext,\n  createContext,\n  useReducer,\n} from 'react';\nimport {\n  BrowserRouter as Router,\n  Route,\n  Link,\n  Switch,\n} from 'react-router-dom';\nimport {\n  ActionProvider,\n  StateContext,\n  DispatchContext,\n} from './action-context';\nimport Modal, { HandleShowModal } from './utils/Modal/Modal';\nimport Listing from './components/Listing/Listing';\nimport Home from './components/Home/Home';\nimport './App.css';\nimport './config';\n\nexport const App = () => {\n  const {\n    HandleModalOverlayClick,\n    ShowModal,\n    showModal,\n    type,\n  } = HandleShowModal();\n\n  return (\n    <ActionProvider>\n      <>\n        <Router>\n          <Link id=\"HomeLink\" to={'/'}>\n            Home\n          </Link>\n          |\n          <Link id=\"BooksLink\" to={'/books'}>\n            Books\n          </Link>\n          |\n          <Link id=\"AuthorsLink\" to={'/authors'}>\n            Authors\n          </Link>\n          <div>\n            <button\n              id={'CreateBook'}\n              onClick={e => ShowModal(e, 'CREATE_BOOK')}\n            >\n              Create Book\n            </button>\n            <button\n              id={'CreateAuthor'}\n              onClick={e => ShowModal(e, 'CREATE_AUTHOR')}\n            >\n              Create Author\n            </button>\n          </div>\n          <div className=\"App\">\n            <Switch>\n              <Route\n                path=\"/\"\n                exact\n                render={props => <Home {...props} />}\n              />\n              <Route\n                path=\"/books\"\n                exact\n                render={props => (\n                  <Listing {...props} listingType={'books'} />\n                )}\n              />\n              <Route\n                path=\"/authors\"\n                exact\n                render={props => (\n                  <Listing {...props} listingType={'authors'} />\n                )}\n              />\n              <Route path=\"/nowhere\" exact render={() => 'NOWHERE'} />\n            </Switch>\n          </div>\n        </Router>\n        {showModal && (\n          <Modal\n            show={showModal}\n            type={type}\n            HandleModalOverlayClick={HandleModalOverlayClick}\n          />\n        )}\n      </>\n    </ActionProvider>\n  );\n};\n\n// export default hot(App);\nexport default App;\n"]},"_coverageSchema":"1a1c01bbd47fc00a2c39e90264f33305004495a9","hash":"0b2a5702e4fb43597a163c4c2f90a6ddf282a2c7","contentHash":"520c7a9297ff119389869a12504c3ab228c35d89b4f9daeef37b571edeb8d10b"},"C:\\_2020\\2. FEB20\\SleepyLib\\client\\src\\action-context.js":{"path":"C:\\_2020\\2. FEB20\\SleepyLib\\client\\src\\action-context.js","statementMap":{"0":{"start":{"line":3,"column":0},"end":{"line":5,"column":3}},"1":{"start":{"line":6,"column":0},"end":{"line":6,"column":40}},"2":{"start":{"line":7,"column":0},"end":{"line":7,"column":56}},"3":{"start":{"line":9,"column":13},"end":{"line":9,"column":54}},"4":{"start":{"line":11,"column":13},"end":{"line":11,"column":68}},"5":{"start":{"line":13,"column":38},"end":{"line":13,"column":85}},"6":{"start":{"line":13,"column":73},"end":{"line":13,"column":85}},"7":{"start":{"line":13,"column":98},"end":{"line":13,"column":111}},"8":{"start":{"line":13,"column":113},"end":{"line":13,"column":170}},"9":{"start":{"line":13,"column":154},"end":{"line":13,"column":167}},"10":{"start":{"line":13,"column":171},"end":{"line":13,"column":184}},"11":{"start":{"line":15,"column":40},"end":{"line":15,"column":82}},"12":{"start":{"line":15,"column":69},"end":{"line":15,"column":80}},"13":{"start":{"line":15,"column":83},"end":{"line":15,"column":185}},"14":{"start":{"line":15,"column":159},"end":{"line":15,"column":183}},"15":{"start":{"line":15,"column":198},"end":{"line":15,"column":224}},"16":{"start":{"line":15,"column":226},"end":{"line":15,"column":281}},"17":{"start":{"line":15,"column":257},"end":{"line":15,"column":279}},"18":{"start":{"line":15,"column":295},"end":{"line":15,"column":297}},"19":{"start":{"line":15,"column":327},"end":{"line":15,"column":383}},"20":{"start":{"line":15,"column":385},"end":{"line":15,"column":665}},"21":{"start":{"line":15,"column":408},"end":{"line":15,"column":663}},"22":{"start":{"line":15,"column":473},"end":{"line":15,"column":545}},"23":{"start":{"line":15,"column":547},"end":{"line":15,"column":661}},"24":{"start":{"line":15,"column":585},"end":{"line":15,"column":626}},"25":{"start":{"line":15,"column":636},"end":{"line":15,"column":659}},"26":{"start":{"line":15,"column":666},"end":{"line":15,"column":687}},"27":{"start":{"line":15,"column":688},"end":{"line":15,"column":726}},"28":{"start":{"line":15,"column":701},"end":{"line":15,"column":724}},"29":{"start":{"line":15,"column":727},"end":{"line":15,"column":741}},"30":{"start":{"line":17,"column":21},"end":{"line":17,"column":51}},"31":{"start":{"line":19,"column":0},"end":{"line":19,"column":36}},"32":{"start":{"line":21,"column":24},"end":{"line":21,"column":54}},"33":{"start":{"line":23,"column":0},"end":{"line":23,"column":42}},"34":{"start":{"line":25,"column":22},"end":{"line":45,"column":1}},"35":{"start":{"line":31,"column":6},"end":{"line":31,"column":12}},"36":{"start":{"line":33,"column":2},"end":{"line":44,"column":3}},"37":{"start":{"line":35,"column":6},"end":{"line":40,"column":8}},"38":{"start":{"line":43,"column":6},"end":{"line":43,"column":19}},"39":{"start":{"line":50,"column":28},"end":{"line":52,"column":4}},"40":{"start":{"line":58,"column":6},"end":{"line":58,"column":35}},"41":{"start":{"line":59,"column":2},"end":{"line":63,"column":14}},"42":{"start":{"line":60,"column":4},"end":{"line":62,"column":5}},"43":{"start":{"line":61,"column":6},"end":{"line":61,"column":18}},"44":{"start":{"line":64,"column":2},"end":{"line":73,"column":6}}},"fnMap":{"0":{"name":"_getRequireWildcardCache","decl":{"start":{"line":13,"column":9},"end":{"line":13,"column":33}},"loc":{"start":{"line":13,"column":36},"end":{"line":13,"column":186}},"line":13},"1":{"name":"(anonymous_1)","decl":{"start":{"line":13,"column":140},"end":{"line":13,"column":141}},"loc":{"start":{"line":13,"column":152},"end":{"line":13,"column":169}},"line":13},"2":{"name":"_interopRequireWildcard","decl":{"start":{"line":15,"column":9},"end":{"line":15,"column":32}},"loc":{"start":{"line":15,"column":38},"end":{"line":15,"column":743}},"line":15},"3":{"name":"(anonymous_3)","decl":{"start":{"line":25,"column":22},"end":{"line":25,"column":23}},"loc":{"start":{"line":25,"column":41},"end":{"line":45,"column":1}},"line":25},"4":{"name":"ActionProvider","decl":{"start":{"line":47,"column":9},"end":{"line":47,"column":23}},"loc":{"start":{"line":49,"column":3},"end":{"line":74,"column":1}},"line":49},"5":{"name":"(anonymous_5)","decl":{"start":{"line":59,"column":24},"end":{"line":59,"column":25}},"loc":{"start":{"line":59,"column":30},"end":{"line":63,"column":3}},"line":59}},"branchMap":{"0":{"loc":{"start":{"line":13,"column":38},"end":{"line":13,"column":85}},"type":"if","locations":[{"start":{"line":13,"column":38},"end":{"line":13,"column":85}},{"start":{"line":13,"column":38},"end":{"line":13,"column":85}}],"line":13},"1":{"loc":{"start":{"line":15,"column":40},"end":{"line":15,"column":82}},"type":"if","locations":[{"start":{"line":15,"column":40},"end":{"line":15,"column":82}},{"start":{"line":15,"column":40},"end":{"line":15,"column":82}}],"line":15},"2":{"loc":{"start":{"line":15,"column":44},"end":{"line":15,"column":65}},"type":"binary-expr","locations":[{"start":{"line":15,"column":44},"end":{"line":15,"column":47}},{"start":{"line":15,"column":51},"end":{"line":15,"column":65}}],"line":15},"3":{"loc":{"start":{"line":15,"column":83},"end":{"line":15,"column":185}},"type":"if","locations":[{"start":{"line":15,"column":83},"end":{"line":15,"column":185}},{"start":{"line":15,"column":83},"end":{"line":15,"column":185}}],"line":15},"4":{"loc":{"start":{"line":15,"column":87},"end":{"line":15,"column":155}},"type":"binary-expr","locations":[{"start":{"line":15,"column":87},"end":{"line":15,"column":99}},{"start":{"line":15,"column":103},"end":{"line":15,"column":126}},{"start":{"line":15,"column":130},"end":{"line":15,"column":155}}],"line":15},"5":{"loc":{"start":{"line":15,"column":226},"end":{"line":15,"column":281}},"type":"if","locations":[{"start":{"line":15,"column":226},"end":{"line":15,"column":281}},{"start":{"line":15,"column":226},"end":{"line":15,"column":281}}],"line":15},"6":{"loc":{"start":{"line":15,"column":230},"end":{"line":15,"column":253}},"type":"binary-expr","locations":[{"start":{"line":15,"column":230},"end":{"line":15,"column":235}},{"start":{"line":15,"column":239},"end":{"line":15,"column":253}}],"line":15},"7":{"loc":{"start":{"line":15,"column":327},"end":{"line":15,"column":383}},"type":"binary-expr","locations":[{"start":{"line":15,"column":327},"end":{"line":15,"column":348}},{"start":{"line":15,"column":352},"end":{"line":15,"column":383}}],"line":15},"8":{"loc":{"start":{"line":15,"column":408},"end":{"line":15,"column":663}},"type":"if","locations":[{"start":{"line":15,"column":408},"end":{"line":15,"column":663}},{"start":{"line":15,"column":408},"end":{"line":15,"column":663}}],"line":15},"9":{"loc":{"start":{"line":15,"column":473},"end":{"line":15,"column":545}},"type":"cond-expr","locations":[{"start":{"line":15,"column":497},"end":{"line":15,"column":538}},{"start":{"line":15,"column":541},"end":{"line":15,"column":545}}],"line":15},"10":{"loc":{"start":{"line":15,"column":547},"end":{"line":15,"column":661}},"type":"if","locations":[{"start":{"line":15,"column":547},"end":{"line":15,"column":661}},{"start":{"line":15,"column":547},"end":{"line":15,"column":661}}],"line":15},"11":{"loc":{"start":{"line":15,"column":551},"end":{"line":15,"column":581}},"type":"binary-expr","locations":[{"start":{"line":15,"column":551},"end":{"line":15,"column":555}},{"start":{"line":15,"column":560},"end":{"line":15,"column":568}},{"start":{"line":15,"column":572},"end":{"line":15,"column":580}}],"line":15},"12":{"loc":{"start":{"line":15,"column":688},"end":{"line":15,"column":726}},"type":"if","locations":[{"start":{"line":15,"column":688},"end":{"line":15,"column":726}},{"start":{"line":15,"column":688},"end":{"line":15,"column":726}}],"line":15},"13":{"loc":{"start":{"line":33,"column":2},"end":{"line":44,"column":3}},"type":"switch","locations":[{"start":{"line":34,"column":4},"end":{"line":40,"column":8}},{"start":{"line":42,"column":4},"end":{"line":43,"column":19}}],"line":33},"14":{"loc":{"start":{"line":60,"column":4},"end":{"line":62,"column":5}},"type":"if","locations":[{"start":{"line":60,"column":4},"end":{"line":62,"column":5}},{"start":{"line":60,"column":4},"end":{"line":62,"column":5}}],"line":60},"15":{"loc":{"start":{"line":60,"column":9},"end":{"line":60,"column":65}},"type":"cond-expr","locations":[{"start":{"line":60,"column":46},"end":{"line":60,"column":52}},{"start":{"line":60,"column":55},"end":{"line":60,"column":65}}],"line":60},"16":{"loc":{"start":{"line":60,"column":9},"end":{"line":60,"column":43}},"type":"binary-expr","locations":[{"start":{"line":60,"column":9},"end":{"line":60,"column":23}},{"start":{"line":60,"column":27},"end":{"line":60,"column":43}}],"line":60},"17":{"loc":{"start":{"line":68,"column":17},"end":{"line":73,"column":4}},"type":"binary-expr","locations":[{"start":{"line":68,"column":17},"end":{"line":68,"column":91}},{"start":{"line":68,"column":95},"end":{"line":73,"column":4}}],"line":68},"18":{"loc":{"start":{"line":68,"column":18},"end":{"line":68,"column":74}},"type":"cond-expr","locations":[{"start":{"line":68,"column":55},"end":{"line":68,"column":61}},{"start":{"line":68,"column":64},"end":{"line":68,"column":74}}],"line":68},"19":{"loc":{"start":{"line":68,"column":18},"end":{"line":68,"column":52}},"type":"binary-expr","locations":[{"start":{"line":68,"column":18},"end":{"line":68,"column":32}},{"start":{"line":68,"column":36},"end":{"line":68,"column":52}}],"line":68},"20":{"loc":{"start":{"line":70,"column":10},"end":{"line":70,"column":69}},"type":"cond-expr","locations":[{"start":{"line":70,"column":47},"end":{"line":70,"column":53}},{"start":{"line":70,"column":56},"end":{"line":70,"column":69}}],"line":70},"21":{"loc":{"start":{"line":70,"column":10},"end":{"line":70,"column":44}},"type":"binary-expr","locations":[{"start":{"line":70,"column":10},"end":{"line":70,"column":24}},{"start":{"line":70,"column":28},"end":{"line":70,"column":44}}],"line":70},"22":{"loc":{"start":{"line":71,"column":10},"end":{"line":71,"column":66}},"type":"cond-expr","locations":[{"start":{"line":71,"column":47},"end":{"line":71,"column":53}},{"start":{"line":71,"column":56},"end":{"line":71,"column":66}}],"line":71},"23":{"loc":{"start":{"line":71,"column":10},"end":{"line":71,"column":44}},"type":"binary-expr","locations":[{"start":{"line":71,"column":10},"end":{"line":71,"column":24}},{"start":{"line":71,"column":28},"end":{"line":71,"column":44}}],"line":71}},"s":{"0":1,"1":1,"2":1,"3":1,"4":1,"5":1,"6":0,"7":1,"8":1,"9":0,"10":1,"11":2,"12":1,"13":1,"14":0,"15":1,"16":1,"17":0,"18":1,"19":1,"20":1,"21":28,"22":28,"23":28,"24":0,"25":28,"26":1,"27":1,"28":1,"29":1,"30":1,"31":1,"32":1,"33":1,"34":1,"35":0,"36":0,"37":0,"38":0,"39":0,"40":0,"41":0,"42":0,"43":0,"44":0},"f":{"0":1,"1":0,"2":2,"3":0,"4":0,"5":0},"b":{"0":[0,1],"1":[1,1],"2":[2,2],"3":[0,1],"4":[1,1,0],"5":[0,1],"6":[1,1],"7":[1,1],"8":[28,0],"9":[28,0],"10":[0,28],"11":[28,28,28],"12":[1,0],"13":[0,0],"14":[0,0],"15":[0,0],"16":[0,0],"17":[0,0],"18":[0,0],"19":[0,0],"20":[0,0],"21":[0,0],"22":[0,0],"23":[0,0]},"inputSourceMap":{"version":3,"sources":["action-context.js"],"names":["StateContext","React","createContext","DispatchContext","ActionReducer","state","action","data","listing","type","payload","ActionProvider","children","dispatch","useReducer","HandleModalOverlayClick","ShowModal","showModal"],"mappings":";;;;;;;;AAAA;;AACA;;;;;;AAEA,MAAMA,YAAY,GAAGC,eAAMC,aAAN,EAArB;;;;AACA,MAAMC,eAAe,GAAGF,eAAMC,aAAN,EAAxB;;;;AAEA,MAAME,aAAa,GAAG,CAACC,KAAD,EAAQC,MAAR,KAAmB;AACvC,QAAM;AAAEC,IAAAA,IAAF;AAAQC,IAAAA,OAAR;AAAiBC,IAAAA,IAAjB;AAAuBC,IAAAA;AAAvB,MAAmCJ,MAAzC;;AACA,UAAQG,IAAR;AACE,SAAK,WAAL;AACE,aAAO;AAAEF,QAAAA,IAAF;AAAQG,QAAAA,OAAR;AAAiBF,QAAAA,OAAjB;AAA0BC,QAAAA;AAA1B,OAAP;;AACF;AACE,aAAOJ,KAAP;AAJJ;AAMD,CARD;;AAUA,SAASM,cAAT,CAAwB;AAAEC,EAAAA;AAAF,CAAxB,EAAsC;AACpC,QAAM,CAACP,KAAD,EAAQQ,QAAR,IAAoBZ,eAAMa,UAAN,CAAiBV,aAAjB,EAAgC;AACxDE,IAAAA,MAAM,EAAE;AADgD,GAAhC,CAA1B;;AAGA,QAAM;AACJS,IAAAA,uBADI;AAEJC,IAAAA,SAFI;AAGJC,IAAAA;AAHI,MAIF,6BAJJ;AAMA,wBAAU,MAAM;AACd,QAAI,CAAAZ,KAAK,SAAL,IAAAA,KAAK,WAAL,YAAAA,KAAK,CAAEI,IAAP,MAAgB,WAApB,EAAiC;AAC/BO,MAAAA,SAAS;AACV;AACF,GAJD,EAIG,CAACX,KAAD,CAJH;AAMA,SACE,4DACE,6BAAC,eAAD,CAAiB,QAAjB;AAA0B,IAAA,KAAK,EAAEQ;AAAjC,KACE,6BAAC,YAAD,CAAc,QAAd;AAAuB,IAAA,KAAK,EAAER;AAA9B,KACGO,QADH,CADF,CADF,EAMG,CAAAP,KAAK,SAAL,IAAAA,KAAK,WAAL,YAAAA,KAAK,CAAEI,IAAP,MAAgB,WAAhB,IACC,6BAAC,cAAD;AACE,IAAA,IAAI,EAAEQ,SADR;AAEE,IAAA,IAAI,EAAEZ,KAAF,aAAEA,KAAF,uBAAEA,KAAK,CAAEG,OAFf;AAGE,IAAA,IAAI,EAAEH,KAAF,aAAEA,KAAF,uBAAEA,KAAK,CAAEE,IAHf;AAIE,IAAA,uBAAuB,EAAEQ;AAJ3B,IAPJ,CADF;AAiBD","sourceRoot":"C:\\_2020\\2. FEB20\\SleepyLib\\client\\src","sourcesContent":["import React, { useEffect } from 'react';\r\nimport Modal, { HandleShowModal } from './utils/Modal/Modal';\r\n\r\nconst StateContext = React.createContext();\r\nconst DispatchContext = React.createContext();\r\n\r\nconst ActionReducer = (state, action) => {\r\n  const { data, listing, type, payload } = action;\r\n  switch (type) {\r\n    case 'ShowModal':\r\n      return { data, payload, listing, type };\r\n    default:\r\n      return state;\r\n  }\r\n};\r\n\r\nfunction ActionProvider({ children }) {\r\n  const [state, dispatch] = React.useReducer(ActionReducer, {\r\n    action: '1',\r\n  });\r\n  const {\r\n    HandleModalOverlayClick,\r\n    ShowModal,\r\n    showModal,\r\n  } = HandleShowModal();\r\n\r\n  useEffect(() => {\r\n    if (state?.type === 'ShowModal') {\r\n      ShowModal();\r\n    }\r\n  }, [state]);\r\n\r\n  return (\r\n    <>\r\n      <DispatchContext.Provider value={dispatch}>\r\n        <StateContext.Provider value={state}>\r\n          {children}\r\n        </StateContext.Provider>\r\n      </DispatchContext.Provider>\r\n      {state?.type === 'ShowModal' && (\r\n        <Modal\r\n          show={showModal}\r\n          type={state?.listing}\r\n          data={state?.data}\r\n          HandleModalOverlayClick={HandleModalOverlayClick}\r\n        />\r\n      )}\r\n    </>\r\n  );\r\n}\r\nexport { ActionProvider, StateContext, DispatchContext };\r\n"]},"_coverageSchema":"1a1c01bbd47fc00a2c39e90264f33305004495a9","hash":"5d7989d26a8a2c97bccffcab107cbfd311e17d30","contentHash":"85d61e420a155d618dbab1eb9f6ac74b3621b63effd443393254a9504765fbc7"},"C:\\_2020\\2. FEB20\\SleepyLib\\client\\src\\utils\\Modal\\Modal.js":{"path":"C:\\_2020\\2. FEB20\\SleepyLib\\client\\src\\utils\\Modal\\Modal.js","statementMap":{"0":{"start":{"line":3,"column":0},"end":{"line":5,"column":3}},"1":{"start":{"line":6,"column":0},"end":{"line":6,"column":51}},"2":{"start":{"line":8,"column":13},"end":{"line":8,"column":54}},"3":{"start":{"line":10,"column":21},"end":{"line":10,"column":69}},"4":{"start":{"line":12,"column":20},"end":{"line":12,"column":91}},"5":{"start":{"line":14,"column":19},"end":{"line":14,"column":63}},"6":{"start":{"line":16,"column":18},"end":{"line":16,"column":85}},"7":{"start":{"line":18,"column":18},"end":{"line":18,"column":66}},"8":{"start":{"line":20,"column":19},"end":{"line":20,"column":47}},"9":{"start":{"line":22,"column":39},"end":{"line":22,"column":93}},"10":{"start":{"line":24,"column":38},"end":{"line":24,"column":85}},"11":{"start":{"line":24,"column":73},"end":{"line":24,"column":85}},"12":{"start":{"line":24,"column":98},"end":{"line":24,"column":111}},"13":{"start":{"line":24,"column":113},"end":{"line":24,"column":170}},"14":{"start":{"line":24,"column":154},"end":{"line":24,"column":167}},"15":{"start":{"line":24,"column":171},"end":{"line":24,"column":184}},"16":{"start":{"line":26,"column":40},"end":{"line":26,"column":82}},"17":{"start":{"line":26,"column":69},"end":{"line":26,"column":80}},"18":{"start":{"line":26,"column":83},"end":{"line":26,"column":185}},"19":{"start":{"line":26,"column":159},"end":{"line":26,"column":183}},"20":{"start":{"line":26,"column":198},"end":{"line":26,"column":224}},"21":{"start":{"line":26,"column":226},"end":{"line":26,"column":281}},"22":{"start":{"line":26,"column":257},"end":{"line":26,"column":279}},"23":{"start":{"line":26,"column":295},"end":{"line":26,"column":297}},"24":{"start":{"line":26,"column":327},"end":{"line":26,"column":383}},"25":{"start":{"line":26,"column":385},"end":{"line":26,"column":665}},"26":{"start":{"line":26,"column":408},"end":{"line":26,"column":663}},"27":{"start":{"line":26,"column":473},"end":{"line":26,"column":545}},"28":{"start":{"line":26,"column":547},"end":{"line":26,"column":661}},"29":{"start":{"line":26,"column":585},"end":{"line":26,"column":626}},"30":{"start":{"line":26,"column":636},"end":{"line":26,"column":659}},"31":{"start":{"line":26,"column":666},"end":{"line":26,"column":687}},"32":{"start":{"line":26,"column":688},"end":{"line":26,"column":726}},"33":{"start":{"line":26,"column":701},"end":{"line":26,"column":724}},"34":{"start":{"line":26,"column":727},"end":{"line":26,"column":741}},"35":{"start":{"line":28,"column":24},"end":{"line":49,"column":1}},"36":{"start":{"line":29,"column":36},"end":{"line":29,"column":63}},"37":{"start":{"line":30,"column":26},"end":{"line":30,"column":52}},"38":{"start":{"line":32,"column":20},"end":{"line":35,"column":3}},"39":{"start":{"line":33,"column":4},"end":{"line":33,"column":29}},"40":{"start":{"line":34,"column":4},"end":{"line":34,"column":23}},"41":{"start":{"line":37,"column":34},"end":{"line":41,"column":3}},"42":{"start":{"line":38,"column":4},"end":{"line":40,"column":5}},"43":{"start":{"line":39,"column":6},"end":{"line":39,"column":26}},"44":{"start":{"line":43,"column":2},"end":{"line":48,"column":4}},"45":{"start":{"line":51,"column":0},"end":{"line":51,"column":42}},"46":{"start":{"line":53,"column":23},"end":{"line":65,"column":1}},"47":{"start":{"line":59,"column":2},"end":{"line":64,"column":356}},"48":{"start":{"line":67,"column":15},"end":{"line":67,"column":29}},"49":{"start":{"line":68,"column":0},"end":{"line":68,"column":27}}},"fnMap":{"0":{"name":"_interopRequireDefault","decl":{"start":{"line":22,"column":9},"end":{"line":22,"column":31}},"loc":{"start":{"line":22,"column":37},"end":{"line":22,"column":95}},"line":22},"1":{"name":"_getRequireWildcardCache","decl":{"start":{"line":24,"column":9},"end":{"line":24,"column":33}},"loc":{"start":{"line":24,"column":36},"end":{"line":24,"column":186}},"line":24},"2":{"name":"(anonymous_2)","decl":{"start":{"line":24,"column":140},"end":{"line":24,"column":141}},"loc":{"start":{"line":24,"column":152},"end":{"line":24,"column":169}},"line":24},"3":{"name":"_interopRequireWildcard","decl":{"start":{"line":26,"column":9},"end":{"line":26,"column":32}},"loc":{"start":{"line":26,"column":38},"end":{"line":26,"column":743}},"line":26},"4":{"name":"(anonymous_4)","decl":{"start":{"line":28,"column":24},"end":{"line":28,"column":25}},"loc":{"start":{"line":28,"column":30},"end":{"line":49,"column":1}},"line":28},"5":{"name":"(anonymous_5)","decl":{"start":{"line":32,"column":20},"end":{"line":32,"column":21}},"loc":{"start":{"line":32,"column":38},"end":{"line":35,"column":3}},"line":32},"6":{"name":"(anonymous_6)","decl":{"start":{"line":37,"column":34},"end":{"line":37,"column":35}},"loc":{"start":{"line":37,"column":39},"end":{"line":41,"column":3}},"line":37},"7":{"name":"(anonymous_7)","decl":{"start":{"line":53,"column":23},"end":{"line":53,"column":24}},"loc":{"start":{"line":58,"column":6},"end":{"line":65,"column":1}},"line":58}},"branchMap":{"0":{"loc":{"start":{"line":22,"column":46},"end":{"line":22,"column":92}},"type":"cond-expr","locations":[{"start":{"line":22,"column":70},"end":{"line":22,"column":73}},{"start":{"line":22,"column":76},"end":{"line":22,"column":92}}],"line":22},"1":{"loc":{"start":{"line":22,"column":46},"end":{"line":22,"column":67}},"type":"binary-expr","locations":[{"start":{"line":22,"column":46},"end":{"line":22,"column":49}},{"start":{"line":22,"column":53},"end":{"line":22,"column":67}}],"line":22},"2":{"loc":{"start":{"line":24,"column":38},"end":{"line":24,"column":85}},"type":"if","locations":[{"start":{"line":24,"column":38},"end":{"line":24,"column":85}},{"start":{"line":24,"column":38},"end":{"line":24,"column":85}}],"line":24},"3":{"loc":{"start":{"line":26,"column":40},"end":{"line":26,"column":82}},"type":"if","locations":[{"start":{"line":26,"column":40},"end":{"line":26,"column":82}},{"start":{"line":26,"column":40},"end":{"line":26,"column":82}}],"line":26},"4":{"loc":{"start":{"line":26,"column":44},"end":{"line":26,"column":65}},"type":"binary-expr","locations":[{"start":{"line":26,"column":44},"end":{"line":26,"column":47}},{"start":{"line":26,"column":51},"end":{"line":26,"column":65}}],"line":26},"5":{"loc":{"start":{"line":26,"column":83},"end":{"line":26,"column":185}},"type":"if","locations":[{"start":{"line":26,"column":83},"end":{"line":26,"column":185}},{"start":{"line":26,"column":83},"end":{"line":26,"column":185}}],"line":26},"6":{"loc":{"start":{"line":26,"column":87},"end":{"line":26,"column":155}},"type":"binary-expr","locations":[{"start":{"line":26,"column":87},"end":{"line":26,"column":99}},{"start":{"line":26,"column":103},"end":{"line":26,"column":126}},{"start":{"line":26,"column":130},"end":{"line":26,"column":155}}],"line":26},"7":{"loc":{"start":{"line":26,"column":226},"end":{"line":26,"column":281}},"type":"if","locations":[{"start":{"line":26,"column":226},"end":{"line":26,"column":281}},{"start":{"line":26,"column":226},"end":{"line":26,"column":281}}],"line":26},"8":{"loc":{"start":{"line":26,"column":230},"end":{"line":26,"column":253}},"type":"binary-expr","locations":[{"start":{"line":26,"column":230},"end":{"line":26,"column":235}},{"start":{"line":26,"column":239},"end":{"line":26,"column":253}}],"line":26},"9":{"loc":{"start":{"line":26,"column":327},"end":{"line":26,"column":383}},"type":"binary-expr","locations":[{"start":{"line":26,"column":327},"end":{"line":26,"column":348}},{"start":{"line":26,"column":352},"end":{"line":26,"column":383}}],"line":26},"10":{"loc":{"start":{"line":26,"column":408},"end":{"line":26,"column":663}},"type":"if","locations":[{"start":{"line":26,"column":408},"end":{"line":26,"column":663}},{"start":{"line":26,"column":408},"end":{"line":26,"column":663}}],"line":26},"11":{"loc":{"start":{"line":26,"column":473},"end":{"line":26,"column":545}},"type":"cond-expr","locations":[{"start":{"line":26,"column":497},"end":{"line":26,"column":538}},{"start":{"line":26,"column":541},"end":{"line":26,"column":545}}],"line":26},"12":{"loc":{"start":{"line":26,"column":547},"end":{"line":26,"column":661}},"type":"if","locations":[{"start":{"line":26,"column":547},"end":{"line":26,"column":661}},{"start":{"line":26,"column":547},"end":{"line":26,"column":661}}],"line":26},"13":{"loc":{"start":{"line":26,"column":551},"end":{"line":26,"column":581}},"type":"binary-expr","locations":[{"start":{"line":26,"column":551},"end":{"line":26,"column":555}},{"start":{"line":26,"column":560},"end":{"line":26,"column":568}},{"start":{"line":26,"column":572},"end":{"line":26,"column":580}}],"line":26},"14":{"loc":{"start":{"line":26,"column":688},"end":{"line":26,"column":726}},"type":"if","locations":[{"start":{"line":26,"column":688},"end":{"line":26,"column":726}},{"start":{"line":26,"column":688},"end":{"line":26,"column":726}}],"line":26},"15":{"loc":{"start":{"line":38,"column":4},"end":{"line":40,"column":5}},"type":"if","locations":[{"start":{"line":38,"column":4},"end":{"line":40,"column":5}},{"start":{"line":38,"column":4},"end":{"line":40,"column":5}}],"line":38},"16":{"loc":{"start":{"line":64,"column":60},"end":{"line":64,"column":117}},"type":"binary-expr","locations":[{"start":{"line":64,"column":60},"end":{"line":64,"column":75}},{"start":{"line":64,"column":79},"end":{"line":64,"column":117}}],"line":64},"17":{"loc":{"start":{"line":64,"column":119},"end":{"line":64,"column":182}},"type":"binary-expr","locations":[{"start":{"line":64,"column":119},"end":{"line":64,"column":136}},{"start":{"line":64,"column":140},"end":{"line":64,"column":182}}],"line":64},"18":{"loc":{"start":{"line":64,"column":184},"end":{"line":64,"column":265}},"type":"binary-expr","locations":[{"start":{"line":64,"column":184},"end":{"line":64,"column":206}},{"start":{"line":64,"column":210},"end":{"line":64,"column":265}}],"line":64},"19":{"loc":{"start":{"line":64,"column":267},"end":{"line":64,"column":352}},"type":"binary-expr","locations":[{"start":{"line":64,"column":267},"end":{"line":64,"column":291}},{"start":{"line":64,"column":295},"end":{"line":64,"column":352}}],"line":64}},"s":{"0":1,"1":1,"2":1,"3":1,"4":1,"5":1,"6":1,"7":1,"8":1,"9":3,"10":1,"11":0,"12":1,"13":1,"14":0,"15":1,"16":1,"17":0,"18":1,"19":0,"20":1,"21":1,"22":0,"23":1,"24":1,"25":1,"26":28,"27":28,"28":28,"29":0,"30":28,"31":1,"32":1,"33":1,"34":1,"35":1,"36":0,"37":0,"38":0,"39":0,"40":0,"41":0,"42":0,"43":0,"44":0,"45":1,"46":1,"47":0,"48":1,"49":1},"f":{"0":3,"1":1,"2":0,"3":1,"4":0,"5":0,"6":0,"7":0},"b":{"0":[3,0],"1":[3,3],"2":[0,1],"3":[0,1],"4":[1,1],"5":[0,1],"6":[1,1,0],"7":[0,1],"8":[1,1],"9":[1,1],"10":[28,0],"11":[28,0],"12":[0,28],"13":[28,28,28],"14":[1,0],"15":[0,0],"16":[0,0],"17":[0,0],"18":[0,0],"19":[0,0]},"inputSourceMap":{"version":3,"sources":["Modal.js"],"names":["HandleShowModal","showModal","setShowModal","type","setType","ShowModal","e","ModalType","HandleModalOverlayClick","target","currentTarget","ModalComponent","show","data"],"mappings":";;;;;;;AAAA;;AACA;;AACA;;AACA;;AACA;;AACA;;AACA;;;;;;;;AAEO,MAAMA,eAAe,GAAG,MAAM;AACnC,QAAM,CAACC,SAAD,EAAYC,YAAZ,IAA4B,qBAAS,KAAT,CAAlC;AACA,QAAM,CAACC,IAAD,EAAOC,OAAP,IAAkB,qBAAS,IAAT,CAAxB;;AAEA,QAAMC,SAAS,GAAG,CAACC,CAAD,EAAIC,SAAJ,KAAkB;AAClCL,IAAAA,YAAY,CAAC,CAACD,SAAF,CAAZ;AACAG,IAAAA,OAAO,CAACG,SAAD,CAAP;AACD,GAHD;;AAKA,QAAMC,uBAAuB,GAAGF,CAAC,IAAI;AACnC,QAAIA,CAAC,CAACG,MAAF,KAAaH,CAAC,CAACI,aAAnB,EAAkC;AAChCR,MAAAA,YAAY,CAAC,KAAD,CAAZ;AACD;AACF,GAJD;;AAMA,SAAO;AAAEM,IAAAA,uBAAF;AAA2BH,IAAAA,SAA3B;AAAsCJ,IAAAA,SAAtC;AAAiDE,IAAAA;AAAjD,GAAP;AACD,CAhBM;;;;AAkBP,MAAMQ,cAAc,GAAG,CAAC;AACtBC,EAAAA,IADsB;AAEtBT,EAAAA,IAFsB;AAGtBK,EAAAA,uBAHsB;AAItBK,EAAAA;AAJsB,CAAD,KAKjB;AACJ,SACE,6BAAC,yBAAD;AAAc,IAAA,IAAI,EAAED,IAApB;AAA0B,IAAA,OAAO,EAAEJ;AAAnC,KACE,6BAAC,mBAAD;AAAY,IAAA,IAAI,EAAEI;AAAlB,KACE,6BAAC,kBAAD,QAEGT,IAAI,KAAK,MAAT,IAAmB,iCAAeU,IAAf,CAFtB,EAGGV,IAAI,KAAK,QAAT,IAAqB,qCAAiBU,IAAjB,CAHxB,EAMGV,IAAI,KAAK,aAAT,IAA0B,6BAAC,mBAAD,OAN7B,EAOGA,IAAI,KAAK,eAAT,IAA4B,6BAAC,qBAAD,OAP/B,CADF,CADF,CADF;AAeD,CArBD;;eAuBeQ,c","sourceRoot":"C:\\_2020\\2. FEB20\\SleepyLib\\client\\src\\utils\\Modal","sourcesContent":["import React, { useState } from 'react';\r\nimport { AuthorSingleItem } from '../../components/Author/AuthorListing';\r\nimport CreateAuthor from '../../components/Author/CreateAuthor';\r\nimport { BookSingleItem } from '../../components/Book/BookListing';\r\nimport CreateBook from '../../components/Book/CreateBook';\r\nimport Transition from '../Transition';\r\nimport { Modal, ModalOverlay } from './Modal.styled.js';\r\n\r\nexport const HandleShowModal = () => {\r\n  const [showModal, setShowModal] = useState(false);\r\n  const [type, setType] = useState(null);\r\n\r\n  const ShowModal = (e, ModalType) => {\r\n    setShowModal(!showModal);\r\n    setType(ModalType);\r\n  };\r\n\r\n  const HandleModalOverlayClick = e => {\r\n    if (e.target === e.currentTarget) {\r\n      setShowModal(false);\r\n    }\r\n  };\r\n\r\n  return { HandleModalOverlayClick, ShowModal, showModal, type };\r\n};\r\n\r\nconst ModalComponent = ({\r\n  show,\r\n  type,\r\n  HandleModalOverlayClick,\r\n  data,\r\n}) => {\r\n  return (\r\n    <ModalOverlay show={show} onClick={HandleModalOverlayClick}>\r\n      <Transition show={show}>\r\n        <Modal>\r\n          {/* Single Book/Author & Edit / Delete */}\r\n          {type === 'BOOK' && BookSingleItem(data)}\r\n          {type === 'AUTHOR' && AuthorSingleItem(data)}\r\n\r\n          {/* Create New Book/Author */}\r\n          {type === 'CREATE_BOOK' && <CreateBook />}\r\n          {type === 'CREATE_AUTHOR' && <CreateAuthor />}\r\n        </Modal>\r\n      </Transition>\r\n    </ModalOverlay>\r\n  );\r\n};\r\n\r\nexport default ModalComponent;\r\n"]},"_coverageSchema":"1a1c01bbd47fc00a2c39e90264f33305004495a9","hash":"38c8bb8abf96d35706295a72aa17f91fe0f46931","contentHash":"6cb68b00afdf3b164aeb540cdbdcf6faf6373e7d054a8a2609cb1f5cd3264bc2"},"C:\\_2020\\2. FEB20\\SleepyLib\\client\\src\\components\\Author\\AuthorListing.js":{"path":"C:\\_2020\\2. FEB20\\SleepyLib\\client\\src\\components\\Author\\AuthorListing.js","statementMap":{"0":{"start":{"line":3,"column":0},"end":{"line":5,"column":3}},"1":{"start":{"line":6,"column":0},"end":{"line":6,"column":58}},"2":{"start":{"line":8,"column":13},"end":{"line":8,"column":54}},"3":{"start":{"line":10,"column":19},"end":{"line":10,"column":61}},"4":{"start":{"line":12,"column":17},"end":{"line":12,"column":49}},"5":{"start":{"line":14,"column":38},"end":{"line":14,"column":85}},"6":{"start":{"line":14,"column":73},"end":{"line":14,"column":85}},"7":{"start":{"line":14,"column":98},"end":{"line":14,"column":111}},"8":{"start":{"line":14,"column":113},"end":{"line":14,"column":170}},"9":{"start":{"line":14,"column":154},"end":{"line":14,"column":167}},"10":{"start":{"line":14,"column":171},"end":{"line":14,"column":184}},"11":{"start":{"line":16,"column":40},"end":{"line":16,"column":82}},"12":{"start":{"line":16,"column":69},"end":{"line":16,"column":80}},"13":{"start":{"line":16,"column":83},"end":{"line":16,"column":185}},"14":{"start":{"line":16,"column":159},"end":{"line":16,"column":183}},"15":{"start":{"line":16,"column":198},"end":{"line":16,"column":224}},"16":{"start":{"line":16,"column":226},"end":{"line":16,"column":281}},"17":{"start":{"line":16,"column":257},"end":{"line":16,"column":279}},"18":{"start":{"line":16,"column":295},"end":{"line":16,"column":297}},"19":{"start":{"line":16,"column":327},"end":{"line":16,"column":383}},"20":{"start":{"line":16,"column":385},"end":{"line":16,"column":665}},"21":{"start":{"line":16,"column":408},"end":{"line":16,"column":663}},"22":{"start":{"line":16,"column":473},"end":{"line":16,"column":545}},"23":{"start":{"line":16,"column":547},"end":{"line":16,"column":661}},"24":{"start":{"line":16,"column":585},"end":{"line":16,"column":626}},"25":{"start":{"line":16,"column":636},"end":{"line":16,"column":659}},"26":{"start":{"line":16,"column":666},"end":{"line":16,"column":687}},"27":{"start":{"line":16,"column":688},"end":{"line":16,"column":726}},"28":{"start":{"line":16,"column":701},"end":{"line":16,"column":724}},"29":{"start":{"line":16,"column":727},"end":{"line":16,"column":741}},"30":{"start":{"line":18,"column":22},"end":{"line":28,"column":1}},"31":{"start":{"line":19,"column":2},"end":{"line":27,"column":35}},"32":{"start":{"line":21,"column":19},"end":{"line":26,"column":6}},"33":{"start":{"line":30,"column":0},"end":{"line":30,"column":38}},"34":{"start":{"line":32,"column":23},"end":{"line":34,"column":1}},"35":{"start":{"line":33,"column":2},"end":{"line":33,"column":406}},"36":{"start":{"line":36,"column":25},"end":{"line":45,"column":1}},"37":{"start":{"line":39,"column":63},"end":{"line":39,"column":111}},"38":{"start":{"line":40,"column":2},"end":{"line":44,"column":66}},"39":{"start":{"line":41,"column":4},"end":{"line":43,"column":294}},"40":{"start":{"line":55,"column":0},"end":{"line":55,"column":44}}},"fnMap":{"0":{"name":"_getRequireWildcardCache","decl":{"start":{"line":14,"column":9},"end":{"line":14,"column":33}},"loc":{"start":{"line":14,"column":36},"end":{"line":14,"column":186}},"line":14},"1":{"name":"(anonymous_1)","decl":{"start":{"line":14,"column":140},"end":{"line":14,"column":141}},"loc":{"start":{"line":14,"column":152},"end":{"line":14,"column":169}},"line":14},"2":{"name":"_interopRequireWildcard","decl":{"start":{"line":16,"column":9},"end":{"line":16,"column":32}},"loc":{"start":{"line":16,"column":38},"end":{"line":16,"column":743}},"line":16},"3":{"name":"(anonymous_3)","decl":{"start":{"line":18,"column":22},"end":{"line":18,"column":23}},"loc":{"start":{"line":18,"column":50},"end":{"line":28,"column":1}},"line":18},"4":{"name":"(anonymous_4)","decl":{"start":{"line":21,"column":13},"end":{"line":21,"column":14}},"loc":{"start":{"line":21,"column":19},"end":{"line":26,"column":6}},"line":21},"5":{"name":"(anonymous_5)","decl":{"start":{"line":32,"column":23},"end":{"line":32,"column":24}},"loc":{"start":{"line":32,"column":31},"end":{"line":34,"column":1}},"line":32},"6":{"name":"(anonymous_6)","decl":{"start":{"line":36,"column":25},"end":{"line":36,"column":26}},"loc":{"start":{"line":36,"column":33},"end":{"line":45,"column":1}},"line":36},"7":{"name":"(anonymous_7)","decl":{"start":{"line":40,"column":968},"end":{"line":40,"column":969}},"loc":{"start":{"line":40,"column":976},"end":{"line":44,"column":3}},"line":40}},"branchMap":{"0":{"loc":{"start":{"line":14,"column":38},"end":{"line":14,"column":85}},"type":"if","locations":[{"start":{"line":14,"column":38},"end":{"line":14,"column":85}},{"start":{"line":14,"column":38},"end":{"line":14,"column":85}}],"line":14},"1":{"loc":{"start":{"line":16,"column":40},"end":{"line":16,"column":82}},"type":"if","locations":[{"start":{"line":16,"column":40},"end":{"line":16,"column":82}},{"start":{"line":16,"column":40},"end":{"line":16,"column":82}}],"line":16},"2":{"loc":{"start":{"line":16,"column":44},"end":{"line":16,"column":65}},"type":"binary-expr","locations":[{"start":{"line":16,"column":44},"end":{"line":16,"column":47}},{"start":{"line":16,"column":51},"end":{"line":16,"column":65}}],"line":16},"3":{"loc":{"start":{"line":16,"column":83},"end":{"line":16,"column":185}},"type":"if","locations":[{"start":{"line":16,"column":83},"end":{"line":16,"column":185}},{"start":{"line":16,"column":83},"end":{"line":16,"column":185}}],"line":16},"4":{"loc":{"start":{"line":16,"column":87},"end":{"line":16,"column":155}},"type":"binary-expr","locations":[{"start":{"line":16,"column":87},"end":{"line":16,"column":99}},{"start":{"line":16,"column":103},"end":{"line":16,"column":126}},{"start":{"line":16,"column":130},"end":{"line":16,"column":155}}],"line":16},"5":{"loc":{"start":{"line":16,"column":226},"end":{"line":16,"column":281}},"type":"if","locations":[{"start":{"line":16,"column":226},"end":{"line":16,"column":281}},{"start":{"line":16,"column":226},"end":{"line":16,"column":281}}],"line":16},"6":{"loc":{"start":{"line":16,"column":230},"end":{"line":16,"column":253}},"type":"binary-expr","locations":[{"start":{"line":16,"column":230},"end":{"line":16,"column":235}},{"start":{"line":16,"column":239},"end":{"line":16,"column":253}}],"line":16},"7":{"loc":{"start":{"line":16,"column":327},"end":{"line":16,"column":383}},"type":"binary-expr","locations":[{"start":{"line":16,"column":327},"end":{"line":16,"column":348}},{"start":{"line":16,"column":352},"end":{"line":16,"column":383}}],"line":16},"8":{"loc":{"start":{"line":16,"column":408},"end":{"line":16,"column":663}},"type":"if","locations":[{"start":{"line":16,"column":408},"end":{"line":16,"column":663}},{"start":{"line":16,"column":408},"end":{"line":16,"column":663}}],"line":16},"9":{"loc":{"start":{"line":16,"column":473},"end":{"line":16,"column":545}},"type":"cond-expr","locations":[{"start":{"line":16,"column":497},"end":{"line":16,"column":538}},{"start":{"line":16,"column":541},"end":{"line":16,"column":545}}],"line":16},"10":{"loc":{"start":{"line":16,"column":547},"end":{"line":16,"column":661}},"type":"if","locations":[{"start":{"line":16,"column":547},"end":{"line":16,"column":661}},{"start":{"line":16,"column":547},"end":{"line":16,"column":661}}],"line":16},"11":{"loc":{"start":{"line":16,"column":551},"end":{"line":16,"column":581}},"type":"binary-expr","locations":[{"start":{"line":16,"column":551},"end":{"line":16,"column":555}},{"start":{"line":16,"column":560},"end":{"line":16,"column":568}},{"start":{"line":16,"column":572},"end":{"line":16,"column":580}}],"line":16},"12":{"loc":{"start":{"line":16,"column":688},"end":{"line":16,"column":726}},"type":"if","locations":[{"start":{"line":16,"column":688},"end":{"line":16,"column":726}},{"start":{"line":16,"column":688},"end":{"line":16,"column":726}}],"line":16},"13":{"loc":{"start":{"line":20,"column":9},"end":{"line":20,"column":85}},"type":"cond-expr","locations":[{"start":{"line":20,"column":60},"end":{"line":20,"column":66}},{"start":{"line":20,"column":69},"end":{"line":20,"column":85}}],"line":20},"14":{"loc":{"start":{"line":20,"column":9},"end":{"line":20,"column":57}},"type":"binary-expr","locations":[{"start":{"line":20,"column":9},"end":{"line":20,"column":30}},{"start":{"line":20,"column":34},"end":{"line":20,"column":57}}],"line":20},"15":{"loc":{"start":{"line":25,"column":18},"end":{"line":25,"column":94}},"type":"cond-expr","locations":[{"start":{"line":25,"column":69},"end":{"line":25,"column":75}},{"start":{"line":25,"column":78},"end":{"line":25,"column":94}}],"line":25},"16":{"loc":{"start":{"line":25,"column":18},"end":{"line":25,"column":66}},"type":"binary-expr","locations":[{"start":{"line":25,"column":18},"end":{"line":25,"column":39}},{"start":{"line":25,"column":43},"end":{"line":25,"column":66}}],"line":25},"17":{"loc":{"start":{"line":33,"column":117},"end":{"line":33,"column":169}},"type":"cond-expr","locations":[{"start":{"line":33,"column":152},"end":{"line":33,"column":158}},{"start":{"line":33,"column":161},"end":{"line":33,"column":169}}],"line":33},"18":{"loc":{"start":{"line":33,"column":117},"end":{"line":33,"column":149}},"type":"binary-expr","locations":[{"start":{"line":33,"column":117},"end":{"line":33,"column":130}},{"start":{"line":33,"column":134},"end":{"line":33,"column":149}}],"line":33},"19":{"loc":{"start":{"line":33,"column":228},"end":{"line":33,"column":287}},"type":"cond-expr","locations":[{"start":{"line":33,"column":263},"end":{"line":33,"column":269}},{"start":{"line":33,"column":272},"end":{"line":33,"column":287}}],"line":33},"20":{"loc":{"start":{"line":33,"column":228},"end":{"line":33,"column":260}},"type":"binary-expr","locations":[{"start":{"line":33,"column":228},"end":{"line":33,"column":241}},{"start":{"line":33,"column":245},"end":{"line":33,"column":260}}],"line":33},"21":{"loc":{"start":{"line":33,"column":345},"end":{"line":33,"column":403}},"type":"cond-expr","locations":[{"start":{"line":33,"column":380},"end":{"line":33,"column":386}},{"start":{"line":33,"column":389},"end":{"line":33,"column":403}}],"line":33},"22":{"loc":{"start":{"line":33,"column":345},"end":{"line":33,"column":377}},"type":"binary-expr","locations":[{"start":{"line":33,"column":345},"end":{"line":33,"column":358}},{"start":{"line":33,"column":362},"end":{"line":33,"column":377}}],"line":33},"23":{"loc":{"start":{"line":40,"column":211},"end":{"line":44,"column":64}},"type":"cond-expr","locations":[{"start":{"line":40,"column":238},"end":{"line":44,"column":6}},{"start":{"line":44,"column":9},"end":{"line":44,"column":64}}],"line":40},"24":{"loc":{"start":{"line":40,"column":211},"end":{"line":40,"column":235}},"type":"binary-expr","locations":[{"start":{"line":40,"column":211},"end":{"line":40,"column":219}},{"start":{"line":40,"column":223},"end":{"line":40,"column":235}}],"line":40},"25":{"loc":{"start":{"line":40,"column":350},"end":{"line":40,"column":421}},"type":"cond-expr","locations":[{"start":{"line":40,"column":393},"end":{"line":40,"column":399}},{"start":{"line":40,"column":402},"end":{"line":40,"column":421}}],"line":40},"26":{"loc":{"start":{"line":40,"column":350},"end":{"line":40,"column":390}},"type":"binary-expr","locations":[{"start":{"line":40,"column":350},"end":{"line":40,"column":367}},{"start":{"line":40,"column":371},"end":{"line":40,"column":390}}],"line":40},"27":{"loc":{"start":{"line":40,"column":480},"end":{"line":40,"column":545}},"type":"cond-expr","locations":[{"start":{"line":40,"column":523},"end":{"line":40,"column":529}},{"start":{"line":40,"column":532},"end":{"line":40,"column":545}}],"line":40},"28":{"loc":{"start":{"line":40,"column":480},"end":{"line":40,"column":520}},"type":"binary-expr","locations":[{"start":{"line":40,"column":480},"end":{"line":40,"column":497}},{"start":{"line":40,"column":501},"end":{"line":40,"column":520}}],"line":40},"29":{"loc":{"start":{"line":40,"column":603},"end":{"line":40,"column":673}},"type":"cond-expr","locations":[{"start":{"line":40,"column":646},"end":{"line":40,"column":652}},{"start":{"line":40,"column":655},"end":{"line":40,"column":673}}],"line":40},"30":{"loc":{"start":{"line":40,"column":603},"end":{"line":40,"column":643}},"type":"binary-expr","locations":[{"start":{"line":40,"column":603},"end":{"line":40,"column":620}},{"start":{"line":40,"column":624},"end":{"line":40,"column":643}}],"line":40},"31":{"loc":{"start":{"line":40,"column":811},"end":{"line":44,"column":4}},"type":"cond-expr","locations":[{"start":{"line":40,"column":854},"end":{"line":40,"column":860}},{"start":{"line":40,"column":863},"end":{"line":44,"column":4}}],"line":40},"32":{"loc":{"start":{"line":40,"column":811},"end":{"line":40,"column":851}},"type":"binary-expr","locations":[{"start":{"line":40,"column":811},"end":{"line":40,"column":828}},{"start":{"line":40,"column":832},"end":{"line":40,"column":851}}],"line":40},"33":{"loc":{"start":{"line":40,"column":863},"end":{"line":44,"column":4}},"type":"cond-expr","locations":[{"start":{"line":40,"column":939},"end":{"line":40,"column":945}},{"start":{"line":40,"column":948},"end":{"line":44,"column":4}}],"line":40},"34":{"loc":{"start":{"line":40,"column":863},"end":{"line":40,"column":936}},"type":"binary-expr","locations":[{"start":{"line":40,"column":863},"end":{"line":40,"column":906}},{"start":{"line":40,"column":910},"end":{"line":40,"column":936}}],"line":40},"35":{"loc":{"start":{"line":42,"column":11},"end":{"line":42,"column":63}},"type":"cond-expr","locations":[{"start":{"line":42,"column":46},"end":{"line":42,"column":52}},{"start":{"line":42,"column":55},"end":{"line":42,"column":63}}],"line":42},"36":{"loc":{"start":{"line":42,"column":11},"end":{"line":42,"column":43}},"type":"binary-expr","locations":[{"start":{"line":42,"column":11},"end":{"line":42,"column":24}},{"start":{"line":42,"column":28},"end":{"line":42,"column":43}}],"line":42},"37":{"loc":{"start":{"line":43,"column":47},"end":{"line":43,"column":99}},"type":"cond-expr","locations":[{"start":{"line":43,"column":82},"end":{"line":43,"column":88}},{"start":{"line":43,"column":91},"end":{"line":43,"column":99}}],"line":43},"38":{"loc":{"start":{"line":43,"column":47},"end":{"line":43,"column":79}},"type":"binary-expr","locations":[{"start":{"line":43,"column":47},"end":{"line":43,"column":60}},{"start":{"line":43,"column":64},"end":{"line":43,"column":79}}],"line":43},"39":{"loc":{"start":{"line":43,"column":142},"end":{"line":43,"column":195}},"type":"cond-expr","locations":[{"start":{"line":43,"column":177},"end":{"line":43,"column":183}},{"start":{"line":43,"column":186},"end":{"line":43,"column":195}}],"line":43},"40":{"loc":{"start":{"line":43,"column":142},"end":{"line":43,"column":174}},"type":"binary-expr","locations":[{"start":{"line":43,"column":142},"end":{"line":43,"column":155}},{"start":{"line":43,"column":159},"end":{"line":43,"column":174}}],"line":43},"41":{"loc":{"start":{"line":43,"column":238},"end":{"line":43,"column":291}},"type":"cond-expr","locations":[{"start":{"line":43,"column":273},"end":{"line":43,"column":279}},{"start":{"line":43,"column":282},"end":{"line":43,"column":291}}],"line":43},"42":{"loc":{"start":{"line":43,"column":238},"end":{"line":43,"column":270}},"type":"binary-expr","locations":[{"start":{"line":43,"column":238},"end":{"line":43,"column":251}},{"start":{"line":43,"column":255},"end":{"line":43,"column":270}}],"line":43}},"s":{"0":1,"1":1,"2":1,"3":1,"4":1,"5":1,"6":0,"7":1,"8":1,"9":0,"10":1,"11":1,"12":0,"13":1,"14":0,"15":1,"16":1,"17":0,"18":1,"19":1,"20":1,"21":28,"22":28,"23":28,"24":0,"25":28,"26":1,"27":1,"28":1,"29":1,"30":1,"31":0,"32":0,"33":1,"34":1,"35":0,"36":1,"37":0,"38":0,"39":0,"40":1},"f":{"0":1,"1":0,"2":1,"3":0,"4":0,"5":0,"6":0,"7":0},"b":{"0":[0,1],"1":[0,1],"2":[1,1],"3":[0,1],"4":[1,1,0],"5":[0,1],"6":[1,1],"7":[1,1],"8":[28,0],"9":[28,0],"10":[0,28],"11":[28,28,28],"12":[1,0],"13":[0,0],"14":[0,0],"15":[0,0],"16":[0,0],"17":[0,0],"18":[0,0],"19":[0,0],"20":[0,0],"21":[0,0],"22":[0,0],"23":[0,0],"24":[0,0],"25":[0,0],"26":[0,0],"27":[0,0],"28":[0,0],"29":[0,0],"30":[0,0],"31":[0,0],"32":[0,0],"33":[0,0],"34":[0,0],"35":[0,0],"36":[0,0],"37":[0,0],"38":[0,0],"39":[0,0],"40":[0,0],"41":[0,0],"42":[0,0]},"inputSourceMap":{"version":3,"sources":["AuthorListing.js"],"names":["AuthorListing","singleAuthor","dispatch","_id","data","listing","type","payload","AuthorFragment","first_name","last_name","AuthorSingleItem","FullData","isLoaded","error","fetchMore","showLoadMore","name","books","map","book","isbn"],"mappings":";;;;;;;AAAA;;AACA;;AACA;;;;;;AAEO,MAAMA,aAAa,GAAG,CAACC,YAAD,EAAeC,QAAf,KAA4B;AACvD,SACE,6BAAC,wBAAD;AACE,IAAA,GAAG,EAAED,YAAF,aAAEA,YAAF,uBAAEA,YAAY,CAAEE,GADrB;AAEE,IAAA,OAAO,EAAE,MACPD,QAAQ,CAAC;AACPE,MAAAA,IAAI,EAAEH,YADC;AAEPI,MAAAA,OAAO,EAAE,QAFF;AAGPC,MAAAA,IAAI,EAAE,WAHC;AAIPC,MAAAA,OAAO,EAAG,GAAEN,YAAH,aAAGA,YAAH,uBAAGA,YAAY,CAAEE,GAAI;AAJvB,KAAD;AAHZ,KAWGK,cAAc,CAACP,YAAD,CAXjB,CADF;AAeD,CAhBM;;;;AAkBP,MAAMO,cAAc,GAAGJ,IAAI,IAAI;AAC7B,SACE,4DACE,gDAAQA,IAAR,aAAQA,IAAR,uBAAQA,IAAI,CAAED,GAAd,CADF,EAEE,wDAAgBC,IAAhB,aAAgBA,IAAhB,uBAAgBA,IAAI,CAAEK,UAAtB,CAFF,EAGE,uDAAeL,IAAf,aAAeA,IAAf,uBAAeA,IAAI,CAAEM,SAArB,CAHF,CADF;AAOD,CARD;;AAUO,MAAMC,gBAAgB,GAAGP,IAAI,IAAI;AAAA;;AACtC,QAAM,CACJQ,QADI,EAEJC,QAFI,EAGJC,KAHI,EAIJC,SAJI,EAKJC,YALI,IAMF,yBAAU,YAAWZ,IAAI,CAACD,GAAI,EAA9B,CANJ;AAOA,SACE,0CACE,0CACE,sDADF,SAC4B,oDAD5B,CADF,EAIGU,QAAQ,IAAID,QAAQ,CAACT,GAArB,GACC,4DACE,oDAAYS,QAAZ,aAAYA,QAAZ,uBAAYA,QAAQ,CAAEH,UAAtB,CADF,EAEE,wDAAgBG,QAAhB,aAAgBA,QAAhB,uBAAgBA,QAAQ,CAAEK,IAA1B,CAFF,EAGE,uDAAeL,QAAf,aAAeA,QAAf,uBAAeA,QAAQ,CAAEF,SAAzB,CAHF,EAIE,wCAJF,EAKE,iDALF,EAME,0CACGE,QADH,aACGA,QADH,0CACGA,QAAQ,CAAEM,KADb,oDACG,gBAAiBC,GAAjB,CAAqBC,IAAI,IAAI;AAC5B,WACE;AAAK,MAAA,GAAG,EAAEA,IAAF,aAAEA,IAAF,uBAAEA,IAAI,CAAEjB;AAAhB,OACE,wCAAIiB,IAAJ,aAAIA,IAAJ,uBAAIA,IAAI,CAAEjB,GAAV,CADF,EAEE,wCAAIiB,IAAJ,aAAIA,IAAJ,uBAAIA,IAAI,CAAEH,IAAV,CAFF,EAGE,wCAAIG,IAAJ,aAAIA,IAAJ,uBAAIA,IAAI,CAAEC,IAAV,CAHF,CADF;AAOD,GARA,CADH,CANF,CADD,GAoBC,uDAxBJ,CADF;AA6BD,CArCM;AAuCP","sourceRoot":"C:\\_2020\\2. FEB20\\SleepyLib\\client\\src\\components\\Author","sourcesContent":["import React, { useContext } from 'react';\r\nimport { ListingCard } from '../../shared/ListingCard.styled';\r\nimport { useFetch } from '../../utils/FetchHook';\r\n\r\nexport const AuthorListing = (singleAuthor, dispatch) => {\r\n  return (\r\n    <ListingCard\r\n      key={singleAuthor?._id}\r\n      onClick={() =>\r\n        dispatch({\r\n          data: singleAuthor,\r\n          listing: 'AUTHOR',\r\n          type: 'ShowModal',\r\n          payload: `${singleAuthor?._id}`,\r\n        })\r\n      }\r\n    >\r\n      {AuthorFragment(singleAuthor)}\r\n    </ListingCard>\r\n  );\r\n};\r\n\r\nconst AuthorFragment = data => {\r\n  return (\r\n    <>\r\n      <p>ID: {data?._id}</p>\r\n      <p>First Name: {data?.first_name}</p>\r\n      <p>Last Name: {data?.last_name}</p>\r\n    </>\r\n  );\r\n};\r\n\r\nexport const AuthorSingleItem = data => {\r\n  const [\r\n    FullData,\r\n    isLoaded,\r\n    error,\r\n    fetchMore,\r\n    showLoadMore,\r\n  ] = useFetch(`/authors/${data._id}`);\r\n  return (\r\n    <div>\r\n      <div>\r\n        <button>DELETE</button> | <button>EDIT</button>\r\n      </div>\r\n      {isLoaded && FullData._id ? (\r\n        <>\r\n          <p>Author: {FullData?.first_name}</p>\r\n          <p>First Name: {FullData?.name}</p>\r\n          <p>Last Name: {FullData?.last_name}</p>\r\n          <br />\r\n          <b>BOOKS:</b>\r\n          <div>\r\n            {FullData?.books?.map(book => {\r\n              return (\r\n                <div key={book?._id}>\r\n                  <p>{book?._id}</p>\r\n                  <p>{book?.name}</p>\r\n                  <p>{book?.isbn}</p>\r\n                </div>\r\n              );\r\n            })}\r\n          </div>\r\n        </>\r\n      ) : (\r\n        <div>Loading...</div>\r\n      )}\r\n    </div>\r\n  );\r\n};\r\n\r\n/* const SingleListing = (data, dispatch) => {\r\n  return(\r\n    <ListingCard>\r\n\r\n    </ListingCard>\r\n  )\r\n} */\r\n"]},"_coverageSchema":"1a1c01bbd47fc00a2c39e90264f33305004495a9","hash":"3243f7da48091d95c7d4acb9ff864be6131e3591","contentHash":"ef3a7393afc44a9b8ca54012dc95a07c56bc27c21f31a1b8d645318506e93492"},"C:\\_2020\\2. FEB20\\SleepyLib\\client\\src\\utils\\FetchHook.js":{"path":"C:\\_2020\\2. FEB20\\SleepyLib\\client\\src\\utils\\FetchHook.js","statementMap":{"0":{"start":{"line":3,"column":0},"end":{"line":5,"column":3}},"1":{"start":{"line":6,"column":0},"end":{"line":6,"column":26}},"2":{"start":{"line":8,"column":13},"end":{"line":8,"column":29}},"3":{"start":{"line":10,"column":17},"end":{"line":61,"column":1}},"4":{"start":{"line":11,"column":26},"end":{"line":11,"column":50}},"5":{"start":{"line":12,"column":34},"end":{"line":12,"column":61}},"6":{"start":{"line":13,"column":28},"end":{"line":13,"column":54}},"7":{"start":{"line":14,"column":34},"end":{"line":14,"column":57}},"8":{"start":{"line":15,"column":36},"end":{"line":15,"column":59}},"9":{"start":{"line":16,"column":42},"end":{"line":16,"column":68}},"10":{"start":{"line":17,"column":30},"end":{"line":17,"column":55}},"11":{"start":{"line":20,"column":4},"end":{"line":20,"column":52}},"12":{"start":{"line":20,"column":30},"end":{"line":20,"column":50}},"13":{"start":{"line":24,"column":4},"end":{"line":40,"column":5}},"14":{"start":{"line":25,"column":23},"end":{"line":25,"column":85}},"15":{"start":{"line":26,"column":21},"end":{"line":26,"column":42}},"16":{"start":{"line":28,"column":6},"end":{"line":34,"column":7}},"17":{"start":{"line":29,"column":8},"end":{"line":31,"column":9}},"18":{"start":{"line":30,"column":10},"end":{"line":30,"column":33}},"19":{"start":{"line":33,"column":8},"end":{"line":33,"column":34}},"20":{"start":{"line":36,"column":6},"end":{"line":36,"column":24}},"21":{"start":{"line":38,"column":6},"end":{"line":38,"column":22}},"22":{"start":{"line":39,"column":6},"end":{"line":39,"column":24}},"23":{"start":{"line":43,"column":2},"end":{"line":47,"column":18}},"24":{"start":{"line":44,"column":4},"end":{"line":46,"column":5}},"25":{"start":{"line":45,"column":6},"end":{"line":45,"column":17}},"26":{"start":{"line":48,"column":2},"end":{"line":52,"column":12}},"27":{"start":{"line":49,"column":4},"end":{"line":49,"column":19}},"28":{"start":{"line":50,"column":4},"end":{"line":50,"column":20}},"29":{"start":{"line":51,"column":4},"end":{"line":51,"column":26}},"30":{"start":{"line":53,"column":2},"end":{"line":59,"column":15}},"31":{"start":{"line":54,"column":4},"end":{"line":54,"column":15}},"32":{"start":{"line":55,"column":4},"end":{"line":58,"column":6}},"33":{"start":{"line":56,"column":6},"end":{"line":56,"column":21}},"34":{"start":{"line":57,"column":6},"end":{"line":57,"column":22}},"35":{"start":{"line":60,"column":2},"end":{"line":60,"column":58}},"36":{"start":{"line":63,"column":0},"end":{"line":63,"column":28}}},"fnMap":{"0":{"name":"(anonymous_0)","decl":{"start":{"line":10,"column":17},"end":{"line":10,"column":18}},"loc":{"start":{"line":10,"column":24},"end":{"line":61,"column":1}},"line":10},"1":{"name":"fetchMore","decl":{"start":{"line":19,"column":11},"end":{"line":19,"column":20}},"loc":{"start":{"line":19,"column":23},"end":{"line":21,"column":3}},"line":19},"2":{"name":"(anonymous_2)","decl":{"start":{"line":20,"column":17},"end":{"line":20,"column":18}},"loc":{"start":{"line":20,"column":30},"end":{"line":20,"column":50}},"line":20},"3":{"name":"fetchUrl","decl":{"start":{"line":23,"column":17},"end":{"line":23,"column":25}},"loc":{"start":{"line":23,"column":28},"end":{"line":41,"column":3}},"line":23},"4":{"name":"(anonymous_4)","decl":{"start":{"line":43,"column":24},"end":{"line":43,"column":25}},"loc":{"start":{"line":43,"column":30},"end":{"line":47,"column":3}},"line":43},"5":{"name":"(anonymous_5)","decl":{"start":{"line":48,"column":24},"end":{"line":48,"column":25}},"loc":{"start":{"line":48,"column":30},"end":{"line":52,"column":3}},"line":48},"6":{"name":"(anonymous_6)","decl":{"start":{"line":53,"column":24},"end":{"line":53,"column":25}},"loc":{"start":{"line":53,"column":30},"end":{"line":59,"column":3}},"line":53},"7":{"name":"(anonymous_7)","decl":{"start":{"line":55,"column":11},"end":{"line":55,"column":12}},"loc":{"start":{"line":55,"column":17},"end":{"line":58,"column":5}},"line":55}},"branchMap":{"0":{"loc":{"start":{"line":28,"column":6},"end":{"line":34,"column":7}},"type":"if","locations":[{"start":{"line":28,"column":6},"end":{"line":34,"column":7}},{"start":{"line":28,"column":6},"end":{"line":34,"column":7}}],"line":28},"1":{"loc":{"start":{"line":29,"column":8},"end":{"line":31,"column":9}},"type":"if","locations":[{"start":{"line":29,"column":8},"end":{"line":31,"column":9}},{"start":{"line":29,"column":8},"end":{"line":31,"column":9}}],"line":29},"2":{"loc":{"start":{"line":33,"column":8},"end":{"line":33,"column":33}},"type":"binary-expr","locations":[{"start":{"line":33,"column":8},"end":{"line":33,"column":14}},{"start":{"line":33,"column":18},"end":{"line":33,"column":33}}],"line":33},"3":{"loc":{"start":{"line":44,"column":4},"end":{"line":46,"column":5}},"type":"if","locations":[{"start":{"line":44,"column":4},"end":{"line":46,"column":5}},{"start":{"line":44,"column":4},"end":{"line":46,"column":5}}],"line":44}},"s":{"0":1,"1":1,"2":1,"3":1,"4":0,"5":0,"6":0,"7":0,"8":0,"9":0,"10":0,"11":0,"12":0,"13":0,"14":0,"15":0,"16":0,"17":0,"18":0,"19":0,"20":0,"21":0,"22":0,"23":0,"24":0,"25":0,"26":0,"27":0,"28":0,"29":0,"30":0,"31":0,"32":0,"33":0,"34":0,"35":0,"36":1},"f":{"0":0,"1":0,"2":0,"3":0,"4":0,"5":0,"6":0,"7":0},"b":{"0":[0,0],"1":[0,0],"2":[0,0],"3":[0,0]},"inputSourceMap":{"version":3,"sources":["FetchHook.js"],"names":["useFetch","url","data","setData","isLoaded","setIsLoaded","error","setError","theLimit","setTheLimit","theOffset","setTheOffset","showLoadMore","setShowLoadMore","theUrl","setTheUrl","fetchMore","fetchUrl","response","fetch","result","json","length"],"mappings":";;;;;;;AAAA;;AAEA,MAAMA,QAAQ,GAAGC,GAAG,IAAI;AACtB,QAAM,CAACC,IAAD,EAAOC,OAAP,IAAkB,qBAAS,EAAT,CAAxB;AACA,QAAM,CAACC,QAAD,EAAWC,WAAX,IAA0B,qBAAS,KAAT,CAAhC;AACA,QAAM,CAACC,KAAD,EAAQC,QAAR,IAAoB,qBAAS,IAAT,CAA1B;AAEA,QAAM,CAACC,QAAD,EAAWC,WAAX,IAA0B,qBAAS,CAAT,CAAhC;AACA,QAAM,CAACC,SAAD,EAAYC,YAAZ,IAA4B,qBAAS,CAAT,CAAlC;AAEA,QAAM,CAACC,YAAD,EAAeC,eAAf,IAAkC,qBAAS,IAAT,CAAxC;AAEA,QAAM,CAACC,MAAD,EAASC,SAAT,IAAsB,qBAASd,GAAT,CAA5B;;AAEA,WAASe,SAAT,GAAqB;AACnBL,IAAAA,YAAY,CAACD,SAAS,IAAIA,SAAS,GAAGF,QAA1B,CAAZ;AACD;;AAED,iBAAeS,QAAf,GAA0B;AACxB,QAAI;AACF,YAAMC,QAAQ,GAAG,MAAMC,KAAK,CACzB,GAAEL,MAAO,UAASN,QAAS,WAAUE,SAAU,EADtB,CAA5B;AAGA,YAAMU,MAAM,GAAG,MAAMF,QAAQ,CAACG,IAAT,EAArB;;AACA,UAAID,MAAJ,EAAY;AACV,YAAI,CAACA,MAAM,CAACE,MAAZ,EAAoB;AAClBT,UAAAA,eAAe,CAAC,KAAD,CAAf;AACD;;AACDO,QAAAA,MAAM,IAAIjB,OAAO,CAACiB,MAAD,CAAjB;AACD;;AACDf,MAAAA,WAAW,CAAC,IAAD,CAAX;AACD,KAZD,CAYE,OAAOC,KAAP,EAAc;AACdC,MAAAA,QAAQ,CAACD,KAAD,CAAR;AACAD,MAAAA,WAAW,CAAC,IAAD,CAAX;AACD;AACF;;AAED,wBAAU,MAAM;AACd,QAAIK,SAAS,GAAG,CAAhB,EAAmB;AACjBO,MAAAA,QAAQ;AACT;AACF,GAJD,EAIG,CAACP,SAAD,CAJH;AAMA,wBAAU,MAAM;AACdK,IAAAA,SAAS,CAACd,GAAD,CAAT;AACAU,IAAAA,YAAY,CAAC,CAAD,CAAZ;AACAE,IAAAA,eAAe,CAAC,IAAD,CAAf;AACD,GAJD,EAIG,CAACZ,GAAD,CAJH;AAMA,wBAAU,MAAM;AACdgB,IAAAA,QAAQ;AACR,WAAO,MAAM;AACXR,MAAAA,WAAW,CAAC,CAAD,CAAX;AACAE,MAAAA,YAAY,CAAC,CAAD,CAAZ;AACD,KAHD;AAID,GAND,EAMG,CAACG,MAAD,CANH;AAQA,SAAO,CAACZ,IAAD,EAAOE,QAAP,EAAiBE,KAAjB,EAAwBU,SAAxB,EAAmCJ,YAAnC,CAAP;AACD,CAxDD","sourceRoot":"C:\\_2020\\2. FEB20\\SleepyLib\\client\\src\\utils","sourcesContent":["import { useState, useEffect } from 'react';\r\n\r\nconst useFetch = url => {\r\n  const [data, setData] = useState([]);\r\n  const [isLoaded, setIsLoaded] = useState(false);\r\n  const [error, setError] = useState(null);\r\n\r\n  const [theLimit, setTheLimit] = useState(5);\r\n  const [theOffset, setTheOffset] = useState(0);\r\n\r\n  const [showLoadMore, setShowLoadMore] = useState(true);\r\n\r\n  const [theUrl, setTheUrl] = useState(url);\r\n\r\n  function fetchMore() {\r\n    setTheOffset(theOffset => theOffset + theLimit);\r\n  }\r\n\r\n  async function fetchUrl() {\r\n    try {\r\n      const response = await fetch(\r\n        `${theUrl}?limit=${theLimit}&offset=${theOffset}`,\r\n      );\r\n      const result = await response.json();\r\n      if (result) {\r\n        if (!result.length) {\r\n          setShowLoadMore(false);\r\n        }\r\n        result && setData(result);\r\n      }\r\n      setIsLoaded(true);\r\n    } catch (error) {\r\n      setError(error);\r\n      setIsLoaded(true);\r\n    }\r\n  }\r\n\r\n  useEffect(() => {\r\n    if (theOffset > 0) {\r\n      fetchUrl();\r\n    }\r\n  }, [theOffset]);\r\n\r\n  useEffect(() => {\r\n    setTheUrl(url);\r\n    setTheOffset(0);\r\n    setShowLoadMore(true);\r\n  }, [url]);\r\n\r\n  useEffect(() => {\r\n    fetchUrl();\r\n    ret
[...]
nary-expr","locations":[{"start":{"line":65,"column":6},"end":{"line":65,"column":14}},{"start":{"line":65,"column":18},"end":{"line":65,"column":30}}],"line":65},"26":{"loc":{"start":{"line":67,"column":21},"end":{"line":67,"column":91}},"type":"binary-expr","locations":[{"start":{"line":67,"column":21},"end":{"line":67,"column":29}},{"start":{"line":67,"column":33},"end":{"line":67,"column":91}}],"line":67}},"s":{"0":1,"1":1,"2":1,"3":1,"4":1,"5":1,"6":1,"7":1,"8":1,"9":1,"10":0,"11":1,"12":1,"13":0,"14":1,"15":1,"16":0,"17":1,"18":0,"19":1,"20":1,"21":0,"22":1,"23":1,"24":1,"25":28,"26":28,"27":28,"28":0,"29":28,"30":1,"31":1,"32":1,"33":1,"34":1,"35":0,"36":0,"37":0,"38":0,"39":0,"40":0,"41":0,"42":0,"43":0,"44":1,"45":1,"46":0,"47":0,"48":0,"49":0,"50":0,"51":0,"52":0,"53":0,"54":0,"55":0,"56":1,"57":1,"58":1},"f":{"0":1,"1":0,"2":1,"3":0,"4":0,"5":0,"6":0,"7":0,"8":0,"9":0},"b":{"0":[0,1],"1":[0,1],"2":[1,1],"3":[0,1],"4":[1,1,0],"5":[0,1],"6":[1,1],"7":[1,1],"8":[28,0],"9":[28,0],"10":[0,28],"11":[28,28,28],"12":[1,0],"13":[0,0],"14":[0,0],"15":[0,0],"16":[0,0,0],"17":[0,0],"18":[0,0],"19":[0,0,0],"20":[0,0],"21":[0,0],"22":[0,0],"23":[0,0],"24":[0,0],"25":[0,0],"26":[0,0]},"inputSourceMap":{"version":3,"sources":["Listing.js"],"names":["List","data","isLoaded","error","listingType","dispatch","message","map","singleListing","Listing","allData","setAllData","DispatchContext","fetchMore","showLoadMore","result","HandleLoadMore"],"mappings":";;;;;;;AAAA;;AACA;;AACA;;AACA;;AACA;;AACA;;AACA;;;;;;AAMO,MAAMA,IAAI,GAAG,CAAC;AACnBC,EAAAA,IADmB;AAEnBC,EAAAA,QAFmB;AAGnBC,EAAAA,KAHmB;AAInBC,EAAAA,WAJmB;AAKnBC,EAAAA;AALmB,CAAD,KAMd;AACJ,MAAI,CAACH,QAAL,EAAe,OAAQ,YAAR;AACf,MAAIC,KAAJ,EAAW,OAAQ,UAASA,KAAK,CAACG,OAAQ,EAA/B;AACX,MAAI,CAACL,IAAL,EAAW,OAAO,uEAAP;AACX,SACE,6BAAC,yBAAD,QACGG,WAAW,KAAK,OAAhB,IACCF,QADD,KAECD,IAFD,aAECA,IAFD,uBAECA,IAAI,CAAEM,GAAN,CAAUC,aAAa,IACrB,8BAAYA,aAAZ,EAA2BH,QAA3B,CADF,CAFD,CADH,EAMGD,WAAW,KAAK,SAAhB,IACCF,QADD,KAECD,IAFD,aAECA,IAFD,uBAECA,IAAI,CAAEM,GAAN,CAAUC,aAAa,IACrB,kCAAcA,aAAd,EAA6BH,QAA7B,CADF,CAFD,CANH,CADF;AAcD,CAxBM;;;;AA0BA,MAAMI,OAAO,GAAG,CAAC;AAAEL,EAAAA;AAAF,CAAD,KAAqB;AAC1C,QAAM,CAACM,OAAD,EAAUC,UAAV,IAAwB,qBAAS,EAAT,CAA9B;AACA,QAAMN,QAAQ,GAAG,uBAAWO,8BAAX,CAAjB;AACA,QAAM,CAACX,IAAD,EAAOC,QAAP,EAAiBC,KAAjB,EAAwBU,SAAxB,EAAmCC,YAAnC,IAAmD,yBACtD,IAAGV,WAAY,GADuC,CAAzD;AAIA,QAAM,CAACW,MAAD,IAAW,iDAAqBd,IAArB,EAA2BG,WAA3B,CAAjB;AAEA,wBAAU,MAAM;AACdW,IAAAA,MAAM,IAAIJ,UAAU,CAACI,MAAD,CAApB;AACD,GAFD,EAEG,CAACA,MAAD,CAFH;;AAIA,QAAMC,cAAc,GAAG,MAAM;AAC3BH,IAAAA,SAAS;AACV,GAFD;;AAIA,SACE;AAAK,IAAA,GAAG,EAAET;AAAV,KACE,oEAA4BA,WAA5B,CADF,EAEE,0CACGM,OAAO,IACN,6BAAC,IAAD;AACE,IAAA,GAAG,EAAEN,WADP;AAEE,IAAA,IAAI,EAAEM,OAFR;AAGE,IAAA,QAAQ,EAAER,QAHZ;AAIE,IAAA,KAAK,EAAEC,KAJT;AAKE,IAAA,WAAW,EAAEC,WALf;AAME,IAAA,QAAQ,EAAEC;AANZ,IAFJ,EAWGH,QAAQ,IAAIY,YAAZ,GACC;AAAQ,IAAA,OAAO,EAAE,MAAME,cAAc;AAArC,kBADD,GAGCd,QAAQ,IAAI,0DAdhB,CAFF,CADF;AAsBD,CAvCM;;;eAyCQO,O","sourceRoot":"C:\\_2020\\2. FEB20\\SleepyLib\\client\\src\\components\\Listing","sourcesContent":["import React, { useState, useEffect, useContext } from 'react';\r\nimport { useFetch } from '../../utils/FetchHook';\r\nimport { BookListing } from '../Book/BookListing';\r\nimport { AuthorListing } from '../Author/AuthorListing';\r\nimport { ListingContainer } from './Listing.styled';\r\nimport { useFetchListAndMerge } from '../../utils/FetchListAndMergeHook';\r\nimport {\r\n  ActionProvider,\r\n  StateContext,\r\n  DispatchContext,\r\n} from '../../action-context';\r\n\r\nexport const List = ({\r\n  data,\r\n  isLoaded,\r\n  error,\r\n  listingType,\r\n  dispatch,\r\n}) => {\r\n  if (!isLoaded) return `Loading...`;\r\n  if (error) return `Error! ${error.message}`;\r\n  if (!data) return <div>There isn't any data here!</div>;\r\n  return (\r\n    <ListingContainer>\r\n      {listingType === 'books' &&\r\n        isLoaded &&\r\n        data?.map(singleListing =>\r\n          BookListing(singleListing, dispatch),\r\n        )}\r\n      {listingType === 'authors' &&\r\n        isLoaded &&\r\n        data?.map(singleListing =>\r\n          AuthorListing(singleListing, dispatch),\r\n        )}\r\n    </ListingContainer>\r\n  );\r\n};\r\n\r\nexport const Listing = ({ listingType }) => {\r\n  const [allData, setAllData] = useState([]);\r\n  const dispatch = useContext(DispatchContext);\r\n  const [data, isLoaded, error, fetchMore, showLoadMore] = useFetch(\r\n    `/${listingType}/`,\r\n  );\r\n\r\n  const [result] = useFetchListAndMerge(data, listingType);\r\n\r\n  useEffect(() => {\r\n    result && setAllData(result);\r\n  }, [result]);\r\n\r\n  const HandleLoadMore = () => {\r\n    fetchMore();\r\n  };\r\n\r\n  return (\r\n    <div key={listingType}>\r\n      <div>Showing Listings for: {listingType}</div>\r\n      <div>\r\n        {allData && (\r\n          <List\r\n            key={listingType}\r\n            data={allData}\r\n            isLoaded={isLoaded}\r\n            error={error}\r\n            listingType={listingType}\r\n            dispatch={dispatch}\r\n          />\r\n        )}\r\n        {isLoaded && showLoadMore ? (\r\n          <button onClick={() => HandleLoadMore()}>Load More!</button>\r\n        ) : (\r\n          isLoaded && <p>No more data...</p>\r\n        )}\r\n      </div>\r\n    </div>\r\n  );\r\n};\r\n\r\nexport default Listing;\r\n"]},"_coverageSchema":"1a1c01bbd47fc00a2c39e90264f33305004495a9","hash":"cb1fa70d8d39f51041291ddfca0a58e40902334b","contentHash":"a74f026fec0fcf99df199e92b64fea3aebc78ee0f56d83938950fc9a58fd3e42"},"C:\\_2020\\2. FEB20\\SleepyLib\\client\\src\\utils\\FetchListAndMergeHook.js":{"path":"C:\\_2020\\2. FEB20\\SleepyLib\\client\\src\\utils\\FetchListAndMergeHook.js","statementMap":{"0":{"start":{"line":3,"column":0},"end":{"line":5,"column":3}},"1":{"start":{"line":6,"column":0},"end":{"line":6,"column":38}},"2":{"start":{"line":8,"column":13},"end":{"line":8,"column":29}},"3":{"start":{"line":10,"column":29},"end":{"line":23,"column":1}},"4":{"start":{"line":11,"column":26},"end":{"line":11,"column":58}},"5":{"start":{"line":12,"column":32},"end":{"line":12,"column":56}},"6":{"start":{"line":13,"column":2},"end":{"line":15,"column":20}},"7":{"start":{"line":14,"column":4},"end":{"line":14,"column":19}},"8":{"start":{"line":16,"column":2},"end":{"line":18,"column":32}},"9":{"start":{"line":17,"column":4},"end":{"line":17,"column":24}},"10":{"start":{"line":19,"column":2},"end":{"line":21,"column":13}},"11":{"start":{"line":20,"column":4},"end":{"line":20,"column":49}},"12":{"start":{"line":20,"column":26},"end":{"line":20,"column":47}},"13":{"start":{"line":22,"column":2},"end":{"line":22,"column":19}},"14":{"start":{"line":25,"column":0},"end":{"line":25,"column":52}}},"fnMap":{"0":{"name":"(anonymous_0)","decl":{"start":{"line":10,"column":29},"end":{"line":10,"column":30}},"loc":{"start":{"line":10,"column":58},"end":{"line":23,"column":1}},"line":10},"1":{"name":"(anonymous_1)","decl":{"start":{"line":13,"column":24},"end":{"line":13,"column":25}},"loc":{"start":{"line":13,"column":30},"end":{"line":15,"column":3}},"line":13},"2":{"name":"(anonymous_2)","decl":{"start":{"line":16,"column":24},"end":{"line":16,"column":25}},"loc":{"start":{"line":16,"column":30},"end":{"line":18,"column":3}},"line":16},"3":{"name":"(anonymous_3)","decl":{"start":{"line":19,"column":24},"end":{"line":19,"column":25}},"loc":{"start":{"line":19,"column":30},"end":{"line":21,"column":3}},"line":19},"4":{"name":"(anonymous_4)","decl":{"start":{"line":20,"column":15},"end":{"line":20,"column":16}},"loc":{"start":{"line":20,"column":26},"end":{"line":20,"column":47}},"line":20}},"branchMap":{},"s":{"0":1,"1":1,"2":1,"3":1,"4":2,"5":2,"6":2,"7":1,"8":2,"9":1,"10":2,"11":1,"12":1,"13":2,"14":1},"f":{"0":2,"1":1,"2":1,"3":1,"4":1},"b":{},"inputSourceMap":{"version":3,"sources":["FetchListAndMergeHook.js"],"names":["useFetchListAndMerge","DataObject","ListingType","data","setData","allData","setAllData"],"mappings":";;;;;;;AAAA;;AAEO,MAAMA,oBAAoB,GAAG,CAACC,UAAD,EAAaC,WAAb,KAA6B;AAC/D,QAAM,CAACC,IAAD,EAAOC,OAAP,IAAkB,qBAASH,UAAT,CAAxB;AACA,QAAM,CAACI,OAAD,EAAUC,UAAV,IAAwB,qBAAS,EAAT,CAA9B;AAEA,wBAAU,MAAM;AACdA,IAAAA,UAAU,CAAC,EAAD,CAAV;AACD,GAFD,EAEG,CAACJ,WAAD,CAFH;AAIA,wBAAU,MAAM;AACdE,IAAAA,OAAO,CAACH,UAAD,CAAP;AACD,GAFD,EAEG,CAACA,UAAD,EAAaC,WAAb,CAFH;AAIA,wBAAU,MAAM;AACdI,IAAAA,UAAU,CAACD,OAAO,IAAI,CAAC,GAAGA,OAAJ,EAAa,GAAGF,IAAhB,CAAZ,CAAV;AACD,GAFD,EAEG,CAACA,IAAD,CAFH;AAIA,SAAO,CAACE,OAAD,CAAP;AACD,CAjBM","sourceRoot":"C:\\_2020\\2. FEB20\\SleepyLib\\client\\src\\utils","sourcesContent":["import { useState, useEffect } from 'react';\r\n\r\nexport const useFetchListAndMerge = (DataObject, ListingType) => {\r\n  const [data, setData] = useState(DataObject);\r\n  const [allData, setAllData] = useState([]);\r\n\r\n  useEffect(() => {\r\n    setAllData([]);\r\n  }, [ListingType]);\r\n\r\n  useEffect(() => {\r\n    setData(DataObject);\r\n  }, [DataObject, ListingType]);\r\n\r\n  useEffect(() => {\r\n    setAllData(allData => [...allData, ...data]);\r\n  }, [data]);\r\n\r\n  return [allData];\r\n};\r\n"]},"_coverageSchema":"1a1c01bbd47fc00a2c39e90264f33305004495a9","hash":"c0d64647d0b579a4366210f37444a65f391a8e3d","contentHash":"0284bd86baab95ad7d78319440e20b12d37e234e892ffb5c1c80a15808826795"},"C:\\_2020\\2. FEB20\\SleepyLib\\client\\src\\components\\Home\\Home.js":{"path":"C:\\_2020\\2. FEB20\\SleepyLib\\client\\src\\components\\Home\\Home.js","statementMap":{"0":{"start":{"line":3,"column":0},"end":{"line":5,"column":3}},"1":{"start":{"line":6,"column":0},"end":{"line":6,"column":25}},"2":{"start":{"line":8,"column":24},"end":{"line":8,"column":77}},"3":{"start":{"line":10,"column":13},"end":{"line":10,"column":53}},"4":{"start":{"line":12,"column":39},"end":{"line":12,"column":93}},"5":{"start":{"line":14,"column":38},"end":{"line":14,"column":85}},"6":{"start":{"line":14,"column":73},"end":{"line":14,"column":85}},"7":{"start":{"line":14,"column":98},"end":{"line":14,"column":111}},"8":{"start":{"line":14,"column":113},"end":{"line":14,"column":170}},"9":{"start":{"line":14,"column":154},"end":{"line":14,"column":167}},"10":{"start":{"line":14,"column":171},"end":{"line":14,"column":184}},"11":{"start":{"line":16,"column":40},"end":{"line":16,"column":82}},"12":{"start":{"line":16,"column":69},"end":{"line":16,"column":80}},"13":{"start":{"line":16,"column":83},"end":{"line":16,"column":185}},"14":{"start":{"line":16,"column":159},"end":{"line":16,"column":183}},"15":{"start":{"line":16,"column":198},"end":{"line":16,"column":224}},"16":{"start":{"line":16,"column":226},"end":{"line":16,"column":281}},"17":{"start":{"line":16,"column":257},"end":{"line":16,"column":279}},"18":{"start":{"line":16,"column":295},"end":{"line":16,"column":297}},"19":{"start":{"line":16,"column":327},"end":{"line":16,"column":383}},"20":{"start":{"line":16,"column":385},"end":{"line":16,"column":665}},"21":{"start":{"line":16,"column":408},"end":{"line":16,"column":663}},"22":{"start":{"line":16,"column":473},"end":{"line":16,"column":545}},"23":{"start":{"line":16,"column":547},"end":{"line":16,"column":661}},"24":{"start":{"line":16,"column":585},"end":{"line":16,"column":626}},"25":{"start":{"line":16,"column":636},"end":{"line":16,"column":659}},"26":{"start":{"line":16,"column":666},"end":{"line":16,"column":687}},"27":{"start":{"line":16,"column":688},"end":{"line":16,"column":726}},"28":{"start":{"line":16,"column":701},"end":{"line":16,"column":724}},"29":{"start":{"line":16,"column":727},"end":{"line":16,"column":741}},"30":{"start":{"line":20,"column":0},"end":{"line":23,"column":8}},"31":{"start":{"line":25,"column":22},"end":{"line":27,"column":1}},"32":{"start":{"line":26,"column":2},"end":{"line":26,"column":74}},"33":{"start":{"line":29,"column":15},"end":{"line":29,"column":28}},"34":{"start":{"line":30,"column":0},"end":{"line":30,"column":27}}},"fnMap":{"0":{"name":"_interopRequireDefault","decl":{"start":{"line":12,"column":9},"end":{"line":12,"column":31}},"loc":{"start":{"line":12,"column":37},"end":{"line":12,"column":95}},"line":12},"1":{"name":"_getRequireWildcardCache","decl":{"start":{"line":14,"column":9},"end":{"line":14,"column":33}},"loc":{"start":{"line":14,"column":36},"end":{"line":14,"column":186}},"line":14},"2":{"name":"(anonymous_2)","decl":{"start":{"line":14,"column":140},"end":{"line":14,"column":141}},"loc":{"start":{"line":14,"column":152},"end":{"line":14,"column":169}},"line":14},"3":{"name":"_interopRequireWildcard","decl":{"start":{"line":16,"column":9},"end":{"line":16,"column":32}},"loc":{"start":{"line":16,"column":38},"end":{"line":16,"column":743}},"line":16},"4":{"name":"(anonymous_4)","decl":{"start":{"line":25,"column":22},"end":{"line":25,"column":23}},"loc":{"start":{"line":25,"column":31},"end":{"line":27,"column":1}},"line":25}},"branchMap":{"0":{"loc":{"start":{"line":12,"column":46},"end":{"line":12,"column":92}},"type":"cond-expr","locations":[{"start":{"line":12,"column":70},"end":{"line":12,"column":73}},{"start":{"line":12,"column":76},"end":{"line":12,"column":92}}],"line":12},"1":{"loc":{"start":{"line":12,"column":46},"end":{"line":12,"column":67}},"type":"binary-expr","locations":[{"start":{"line":12,"column":46},"end":{"line":12,"column":49}},{"start":{"line":12,"column":53},"end":{"line":12,"column":67}}],"line":12},"2":{"loc":{"start":{"line":14,"column":38},"end":{"line":14,"column":85}},"type":"if","locations":[{"start":{"line":14,"column":38},"end":{"line":14,"column":85}},{"start":{"line":14,"column":38},"end":{"line":14,"column":85}}],"line":14},"3":{"loc":{"start":{"line":16,"column":40},"end":{"line":16,"column":82}},"type":"if","locations":[{"start":{"line":16,"column":40},"end":{"line":16,"column":82}},{"start":{"line":16,"column":40},"end":{"line":16,"column":82}}],"line":16},"4":{"loc":{"start":{"line":16,"column":44},"end":{"line":16,"column":65}},"type":"binary-expr","locations":[{"start":{"line":16,"column":44},"end":{"line":16,"column":47}},{"start":{"line":16,"column":51},"end":{"line":16,"column":65}}],"line":16},"5":{"loc":{"start":{"line":16,"column":83},"end":{"line":16,"column":185}},"type":"if","locations":[{"start":{"line":16,"column":83},"end":{"line":16,"column":185}},{"start":{"line":16,"column":83},"end":{"line":16,"column":185}}],"line":16},"6":{"loc":{"start":{"line":16,"column":87},"end":{"line":16,"column":155}},"type":"binary-expr","locations":[{"start":{"line":16,"column":87},"end":{"line":16,"column":99}},{"start":{"line":16,"column":103},"end":{"line":16,"column":126}},{"start":{"line":16,"column":130},"end":{"line":16,"column":155}}],"line":16},"7":{"loc":{"start":{"line":16,"column":226},"end":{"line":16,"column":281}},"type":"if","locations":[{"start":{"line":16,"column":226},"end":{"line":16,"column":281}},{"start":{"line":16,"column":226},"end":{"line":16,"column":281}}],"line":16},"8":{"loc":{"start":{"line":16,"column":230},"end":{"line":16,"column":253}},"type":"binary-expr","locations":[{"start":{"line":16,"column":230},"end":{"line":16,"column":235}},{"start":{"line":16,"column":239},"end":{"line":16,"column":253}}],"line":16},"9":{"loc":{"start":{"line":16,"column":327},"end":{"line":16,"column":383}},"type":"binary-expr","locations":[{"start":{"line":16,"column":327},"end":{"line":16,"column":348}},{"start":{"line":16,"column":352},"end":{"line":16,"column":383}}],"line":16},"10":{"loc":{"start":{"line":16,"column":408},"end":{"line":16,"column":663}},"type":"if","locations":[{"start":{"line":16,"column":408},"end":{"line":16,"column":663}},{"start":{"line":16,"column":408},"end":{"line":16,"column":663}}],"line":16},"11":{"loc":{"start":{"line":16,"column":473},"end":{"line":16,"column":545}},"type":"cond-expr","locations":[{"start":{"line":16,"column":497},"end":{"line":16,"column":538}},{"start":{"line":16,"column":541},"end":{"line":16,"column":545}}],"line":16},"12":{"loc":{"start":{"line":16,"column":547},"end":{"line":16,"column":661}},"type":"if","locations":[{"start":{"line":16,"column":547},"end":{"line":16,"column":661}},{"start":{"line":16,"column":547},"end":{"line":16,"column":661}}],"line":16},"13":{"loc":{"start":{"line":16,"column":551},"end":{"line":16,"column":581}},"type":"binary-expr","locations":[{"start":{"line":16,"column":551},"end":{"line":16,"column":555}},{"start":{"line":16,"column":560},"end":{"line":16,"column":568}},{"start":{"line":16,"column":572},"end":{"line":16,"column":580}}],"line":16},"14":{"loc":{"start":{"line":16,"column":688},"end":{"line":16,"column":726}},"type":"if","locations":[{"start":{"line":16,"column":688},"end":{"line":16,"column":726}},{"start":{"line":16,"column":688},"end":{"line":16,"column":726}}],"line":16}},"s":{"0":1,"1":1,"2":1,"3":1,"4":1,"5":0,"6":0,"7":0,"8":0,"9":0,"10":0,"11":1,"12":1,"13":0,"14":0,"15":0,"16":0,"17":0,"18":0,"19":0,"20":0,"21":0,"22":0,"23":0,"24":0,"25":0,"26":0,"27":0,"28":0,"29":0,"30":1,"31":1,"32":0,"33":1,"34":1},"f":{"0":1,"1":0,"2":0,"3":1,"4":0},"b":{"0":[0,1],"1":[1,1],"2":[0,0],"3":[1,0],"4":[1,1],"5":[0,0],"6":[0,0,0],"7":[0,0],"8":[0,0],"9":[0,0],"10":[0,0],"11":[0,0],"12":[0,0],"13":[0,0,0],"14":[0,0]},"inputSourceMap":{"version":3,"sources":["Home.js"],"names":["Home","styled","div","HomeComponent","props"],"mappings":";;;;;;;;;AAAA;;;;;;;;AAGA,MAAMA,IAAI;AAAA;AAAGC,0BAAOC,GAAV;AAAA;AAAA;AAAA,QAAV;;AAEA,MAAMC,aAAa,GAAGC,KAAK,IAAI;AAC7B,SAAO,6BAAC,IAAD,+BAAP;AACD,CAFD;;eAIeD,a","sourceRoot":"C:\\_2020\\2. FEB20\\SleepyLib\\client\\src\\components\\Home","sourcesContent":["import React from 'react';\r\nimport styled, { css } from 'styled-components/macro';\r\n\r\nconst Home = styled.div``;\r\n\r\nconst HomeComponent = props => {\r\n  return <Home>This is the homepage</Home>;\r\n};\r\n\r\nexport default HomeComponent;\r\n"]},"_coverageSchema":"1a1c01bbd47fc00a2c39e90264f33305004495a9","hash":"f567e5ec3e9d0545551f36909bb0400ce58bdb0c","contentHash":"0ec47d396dd7224182fec3e44355d2c9dcb38a355d8e5150b3a0549ca900b12f"},"C:\\_2020\\2. FEB20\\SleepyLib\\client\\src\\config.js":{"path":"C:\\_2020\\2. FEB20\\SleepyLib\\client\\src\\config.js","statementMap":{"0":{"start":{"line":3,"column":22},"end":{"line":3,"column":49}},"1":{"start":{"line":5,"column":16},"end":{"line":5,"column":60}},"2":{"start":{"line":7,"column":39},"end":{"line":7,"column":93}},"3":{"start":{"line":9,"column":0},"end":{"line":15,"column":3}}},"fnMap":{"0":{"name":"_interopRequireDefault","decl":{"start":{"line":7,"column":9},"end":{"line":7,"column":31}},"loc":{"start":{"line":7,"column":37},"end":{"line":7,"column":95}},"line":7}},"branchMap":{"0":{"loc":{"start":{"line":7,"column":46},"end":{"line":7,"column":92}},"type":"cond-expr","locations":[{"start":{"line":7,"column":70},"end":{"line":7,"column":73}},{"start":{"line":7,"column":76},"end":{"line":7,"column":92}}],"line":7},"1":{"loc":{"start":{"line":7,"column":46},"end":{"line":7,"column":67}},"type":"binary-expr","locations":[{"start":{"line":7,"column":46},"end":{"line":7,"column":49}},{"start":{"line":7,"column":53},"end":{"line":7,"column":67}}],"line":7}},"s":{"0":1,"1":1,"2":1,"3":1},"f":{"0":1},"b":{"0":[0,1],"1":[1,1]},"inputSourceMap":{"version":3,"sources":["config.js"],"names":["ignoreSFC","ReactDOM","setHotElementComparator","pureSFC","pureRender","logLevel","hotHooks"],"mappings":";;AAAA;;AACA;;;;AAEA,+BAAU;AACRA,EAAAA,SAAS,EAAE,CAAC,CAACC,kBAASC,uBADd;AAERC,EAAAA,OAAO,EAAE,IAFD;AAGRC,EAAAA,UAAU,EAAE,IAHJ;AAIRC,EAAAA,QAAQ,EAAE,OAJF;AAKRC,EAAAA,QAAQ,EAAE;AALF,CAAV","sourceRoot":"C:\\_2020\\2. FEB20\\SleepyLib\\client\\src","sourcesContent":["import { setConfig } from 'react-hot-loader';\r\nimport ReactDOM from 'react-dom';\r\n\r\nsetConfig({\r\n  ignoreSFC: !!ReactDOM.setHotElementComparator,\r\n  pureSFC: true,\r\n  pureRender: true,\r\n  logLevel: 'debug',\r\n  hotHooks: true,\r\n});\r\n"]},"_coverageSchema":"1a1c01bbd47fc00a2c39e90264f33305004495a9","hash":"db4f711cd90bc70bde705cab6b4c93502c7f9dca","contentHash":"8a2e194f6325e988fc880a80c651839c863e1fdfc3ba32500eab25b319e4aafd"}}